2024-08-13 16:37:41 : started job 



2024-08-13 16:37:44 : Processing files:
Output will be written to: SRR8223281.results

	STAR --runThreadN 40 --genomeDir /uufs/chpc.utah.edu/common/home/holmen-group1/star_ms/starGRCm39 --genomeLoad LoadAndKeep --limitBAMsortRAM 50000000000 --readFilesIn /uufs/chpc.utah.edu/common/home/holmen-group1/otrimskig/exp_data/kircher19/fastq_files/SRR8223281.fastq --outSAMattributes Standard --outSAMtype BAM SortedByCoordinate --outFileNamePrefix SRR8223281.results
	STAR version: 2.7.11b   compiled: 2024-01-25T16:12:02-05:00 :/home/dobin/data/STAR/STARcode/STAR.master/source
Aug 13 16:37:44 ..... started STAR run
Aug 13 16:37:44 ..... loading genome
Aug 13 16:39:39 ..... started mapping
Aug 13 16:40:58 ..... finished mapping
Aug 13 16:40:59 ..... started sorting BAM
Aug 13 16:41:38 ..... finished successfully
2024-08-13 16:41:40 : Finished writing SRR8223281.results.bam


2024-08-13 16:41:40 : Processing files:
Output will be written to: SRR8223282.results

	STAR --runThreadN 40 --genomeDir /uufs/chpc.utah.edu/common/home/holmen-group1/star_ms/starGRCm39 --genomeLoad LoadAndKeep --limitBAMsortRAM 50000000000 --readFilesIn /uufs/chpc.utah.edu/common/home/holmen-group1/otrimskig/exp_data/kircher19/fastq_files/SRR8223282.fastq --outSAMattributes Standard --outSAMtype BAM SortedByCoordinate --outFileNamePrefix SRR8223282.results
	STAR version: 2.7.11b   compiled: 2024-01-25T16:12:02-05:00 :/home/dobin/data/STAR/STARcode/STAR.master/source
Aug 13 16:41:40 ..... started STAR run
Aug 13 16:41:40 ..... loading genome
Aug 13 16:41:40 ..... started mapping
Aug 13 16:43:57 ..... finished mapping
Aug 13 16:43:57 ..... started sorting BAM
Aug 13 16:45:00 ..... finished successfully
2024-08-13 16:45:04 : Finished writing SRR8223282.results.bam


2024-08-13 16:45:04 : Processing files:
Output will be written to: SRR8223283.results

	STAR --runThreadN 40 --genomeDir /uufs/chpc.utah.edu/common/home/holmen-group1/star_ms/starGRCm39 --genomeLoad LoadAndKeep --limitBAMsortRAM 50000000000 --readFilesIn /uufs/chpc.utah.edu/common/home/holmen-group1/otrimskig/exp_data/kircher19/fastq_files/SRR8223283.fastq --outSAMattributes Standard --outSAMtype BAM SortedByCoordinate --outFileNamePrefix SRR8223283.results
	STAR version: 2.7.11b   compiled: 2024-01-25T16:12:02-05:00 :/home/dobin/data/STAR/STARcode/STAR.master/source
Aug 13 16:45:04 ..... started STAR run
Aug 13 16:45:04 ..... loading genome
Aug 13 16:45:04 ..... started mapping
Aug 13 16:47:20 ..... finished mapping
Aug 13 16:47:21 ..... started sorting BAM
Aug 13 16:48:13 ..... finished successfully
2024-08-13 16:48:15 : Finished writing SRR8223283.results.bam


2024-08-13 16:48:15 : Processing files:
Output will be written to: SRR8223284.results

	STAR --runThreadN 40 --genomeDir /uufs/chpc.utah.edu/common/home/holmen-group1/star_ms/starGRCm39 --genomeLoad LoadAndKeep --limitBAMsortRAM 50000000000 --readFilesIn /uufs/chpc.utah.edu/common/home/holmen-group1/otrimskig/exp_data/kircher19/fastq_files/SRR8223284.fastq --outSAMattributes Standard --outSAMtype BAM SortedByCoordinate --outFileNamePrefix SRR8223284.results
	STAR version: 2.7.11b   compiled: 2024-01-25T16:12:02-05:00 :/home/dobin/data/STAR/STARcode/STAR.master/source
Aug 13 16:48:15 ..... started STAR run
Aug 13 16:48:15 ..... loading genome
Aug 13 16:48:15 ..... started mapping
Aug 13 16:50:14 ..... finished mapping
Aug 13 16:50:15 ..... started sorting BAM
Aug 13 16:50:51 ..... finished successfully
2024-08-13 16:50:52 : Finished writing SRR8223284.results.bam


2024-08-13 16:50:52 : Processing files:
Output will be written to: SRR8223285.results

	STAR --runThreadN 40 --genomeDir /uufs/chpc.utah.edu/common/home/holmen-group1/star_ms/starGRCm39 --genomeLoad LoadAndKeep --limitBAMsortRAM 50000000000 --readFilesIn /uufs/chpc.utah.edu/common/home/holmen-group1/otrimskig/exp_data/kircher19/fastq_files/SRR8223285.fastq --outSAMattributes Standard --outSAMtype BAM SortedByCoordinate --outFileNamePrefix SRR8223285.results
	STAR version: 2.7.11b   compiled: 2024-01-25T16:12:02-05:00 :/home/dobin/data/STAR/STARcode/STAR.master/source
Aug 13 16:50:52 ..... started STAR run
Aug 13 16:50:52 ..... loading genome
Aug 13 16:50:52 ..... started mapping
Aug 13 16:52:43 ..... finished mapping
Aug 13 16:52:44 ..... started sorting BAM
Aug 13 16:53:19 ..... finished successfully
2024-08-13 16:53:20 : Finished writing SRR8223285.results.bam


2024-08-13 16:53:20 : Processing files:
Output will be written to: SRR8223286.results

	STAR --runThreadN 40 --genomeDir /uufs/chpc.utah.edu/common/home/holmen-group1/star_ms/starGRCm39 --genomeLoad LoadAndKeep --limitBAMsortRAM 50000000000 --readFilesIn /uufs/chpc.utah.edu/common/home/holmen-group1/otrimskig/exp_data/kircher19/fastq_files/SRR8223286.fastq --outSAMattributes Standard --outSAMtype BAM SortedByCoordinate --outFileNamePrefix SRR8223286.results
	STAR version: 2.7.11b   compiled: 2024-01-25T16:12:02-05:00 :/home/dobin/data/STAR/STARcode/STAR.master/source
Aug 13 16:53:20 ..... started STAR run
Aug 13 16:53:20 ..... loading genome
Aug 13 16:53:21 ..... started mapping
Aug 13 16:55:15 ..... finished mapping
Aug 13 16:55:22 ..... started sorting BAM
Aug 13 16:56:09 ..... finished successfully
2024-08-13 16:56:11 : Finished writing SRR8223286.results.bam


2024-08-13 16:56:11 : Processing files:
Output will be written to: SRR8223287.results

	STAR --runThreadN 40 --genomeDir /uufs/chpc.utah.edu/common/home/holmen-group1/star_ms/starGRCm39 --genomeLoad LoadAndKeep --limitBAMsortRAM 50000000000 --readFilesIn /uufs/chpc.utah.edu/common/home/holmen-group1/otrimskig/exp_data/kircher19/fastq_files/SRR8223287.fastq --outSAMattributes Standard --outSAMtype BAM SortedByCoordinate --outFileNamePrefix SRR8223287.results
	STAR version: 2.7.11b   compiled: 2024-01-25T16:12:02-05:00 :/home/dobin/data/STAR/STARcode/STAR.master/source
Aug 13 16:56:11 ..... started STAR run
Aug 13 16:56:11 ..... loading genome
Aug 13 16:56:11 ..... started mapping
Aug 13 16:58:32 ..... finished mapping
Aug 13 16:58:33 ..... started sorting BAM
Aug 13 16:59:34 ..... finished successfully
2024-08-13 16:59:37 : Finished writing SRR8223287.results.bam


2024-08-13 16:59:37 : Processing files:
Output will be written to: SRR8223288.results

	STAR --runThreadN 40 --genomeDir /uufs/chpc.utah.edu/common/home/holmen-group1/star_ms/starGRCm39 --genomeLoad LoadAndKeep --limitBAMsortRAM 50000000000 --readFilesIn /uufs/chpc.utah.edu/common/home/holmen-group1/otrimskig/exp_data/kircher19/fastq_files/SRR8223288.fastq --outSAMattributes Standard --outSAMtype BAM SortedByCoordinate --outFileNamePrefix SRR8223288.results
	STAR version: 2.7.11b   compiled: 2024-01-25T16:12:02-05:00 :/home/dobin/data/STAR/STARcode/STAR.master/source
Aug 13 16:59:37 ..... started STAR run
Aug 13 16:59:37 ..... loading genome
Aug 13 16:59:37 ..... started mapping
Aug 13 17:01:29 ..... finished mapping
Aug 13 17:01:34 ..... started sorting BAM
Aug 13 17:02:17 ..... finished successfully
2024-08-13 17:02:18 : Finished writing SRR8223288.results.bam


2024-08-13 17:02:18 : Processing files:
Output will be written to: SRR8223289.results

	STAR --runThreadN 40 --genomeDir /uufs/chpc.utah.edu/common/home/holmen-group1/star_ms/starGRCm39 --genomeLoad LoadAndKeep --limitBAMsortRAM 50000000000 --readFilesIn /uufs/chpc.utah.edu/common/home/holmen-group1/otrimskig/exp_data/kircher19/fastq_files/SRR8223289.fastq --outSAMattributes Standard --outSAMtype BAM SortedByCoordinate --outFileNamePrefix SRR8223289.results
	STAR version: 2.7.11b   compiled: 2024-01-25T16:12:02-05:00 :/home/dobin/data/STAR/STARcode/STAR.master/source
Aug 13 17:02:18 ..... started STAR run
Aug 13 17:02:18 ..... loading genome
Aug 13 17:02:19 ..... started mapping
Aug 13 17:04:07 ..... finished mapping
Aug 13 17:04:07 ..... started sorting BAM
Aug 13 17:04:48 ..... finished successfully
2024-08-13 17:04:49 : Finished writing SRR8223289.results.bam


2024-08-13 17:04:50 : Processing files:
Output will be written to: SRR8223290.results

	STAR --runThreadN 40 --genomeDir /uufs/chpc.utah.edu/common/home/holmen-group1/star_ms/starGRCm39 --genomeLoad LoadAndKeep --limitBAMsortRAM 50000000000 --readFilesIn /uufs/chpc.utah.edu/common/home/holmen-group1/otrimskig/exp_data/kircher19/fastq_files/SRR8223290.fastq --outSAMattributes Standard --outSAMtype BAM SortedByCoordinate --outFileNamePrefix SRR8223290.results
	STAR version: 2.7.11b   compiled: 2024-01-25T16:12:02-05:00 :/home/dobin/data/STAR/STARcode/STAR.master/source
Aug 13 17:04:50 ..... started STAR run
Aug 13 17:04:50 ..... loading genome
Aug 13 17:04:50 ..... started mapping
Aug 13 17:06:32 ..... finished mapping
Aug 13 17:06:32 ..... started sorting BAM
Aug 13 17:07:09 ..... finished successfully
2024-08-13 17:07:11 : Finished writing SRR8223290.results.bam


2024-08-13 17:07:11 : Processing files:
Output will be written to: SRR8223291.results

	STAR --runThreadN 40 --genomeDir /uufs/chpc.utah.edu/common/home/holmen-group1/star_ms/starGRCm39 --genomeLoad LoadAndKeep --limitBAMsortRAM 50000000000 --readFilesIn /uufs/chpc.utah.edu/common/home/holmen-group1/otrimskig/exp_data/kircher19/fastq_files/SRR8223291.fastq --outSAMattributes Standard --outSAMtype BAM SortedByCoordinate --outFileNamePrefix SRR8223291.results
	STAR version: 2.7.11b   compiled: 2024-01-25T16:12:02-05:00 :/home/dobin/data/STAR/STARcode/STAR.master/source
Aug 13 17:07:11 ..... started STAR run
Aug 13 17:07:11 ..... loading genome
Aug 13 17:07:11 ..... started mapping
Aug 13 17:09:29 ..... finished mapping
Aug 13 17:09:30 ..... started sorting BAM
Aug 13 17:10:25 ..... finished successfully
2024-08-13 17:10:27 : Finished writing SRR8223291.results.bam


2024-08-13 17:10:27 : Processing files:
Output will be written to: SRR8223292.results

	STAR --runThreadN 40 --genomeDir /uufs/chpc.utah.edu/common/home/holmen-group1/star_ms/starGRCm39 --genomeLoad LoadAndKeep --limitBAMsortRAM 50000000000 --readFilesIn /uufs/chpc.utah.edu/common/home/holmen-group1/otrimskig/exp_data/kircher19/fastq_files/SRR8223292.fastq --outSAMattributes Standard --outSAMtype BAM SortedByCoordinate --outFileNamePrefix SRR8223292.results
	STAR version: 2.7.11b   compiled: 2024-01-25T16:12:02-05:00 :/home/dobin/data/STAR/STARcode/STAR.master/source
Aug 13 17:10:27 ..... started STAR run
Aug 13 17:10:27 ..... loading genome
Aug 13 17:10:27 ..... started mapping
Aug 13 17:12:56 ..... finished mapping
Aug 13 17:12:57 ..... started sorting BAM
Aug 13 17:14:02 ..... finished successfully
2024-08-13 17:14:04 : Finished writing SRR8223292.results.bam


2024-08-13 17:14:04 : Processing files:
Output will be written to: SRR8223293.results

	STAR --runThreadN 40 --genomeDir /uufs/chpc.utah.edu/common/home/holmen-group1/star_ms/starGRCm39 --genomeLoad LoadAndKeep --limitBAMsortRAM 50000000000 --readFilesIn /uufs/chpc.utah.edu/common/home/holmen-group1/otrimskig/exp_data/kircher19/fastq_files/SRR8223293.fastq --outSAMattributes Standard --outSAMtype BAM SortedByCoordinate --outFileNamePrefix SRR8223293.results
	STAR version: 2.7.11b   compiled: 2024-01-25T16:12:02-05:00 :/home/dobin/data/STAR/STARcode/STAR.master/source
Aug 13 17:14:04 ..... started STAR run
Aug 13 17:14:04 ..... loading genome
Aug 13 17:14:04 ..... started mapping
Aug 13 17:16:07 ..... finished mapping
Aug 13 17:16:07 ..... started sorting BAM
Aug 13 17:16:56 ..... finished successfully
2024-08-13 17:16:58 : Finished writing SRR8223293.results.bam


2024-08-13 17:16:58 : Processing files:
Output will be written to: SRR8223294.results

	STAR --runThreadN 40 --genomeDir /uufs/chpc.utah.edu/common/home/holmen-group1/star_ms/starGRCm39 --genomeLoad LoadAndKeep --limitBAMsortRAM 50000000000 --readFilesIn /uufs/chpc.utah.edu/common/home/holmen-group1/otrimskig/exp_data/kircher19/fastq_files/SRR8223294.fastq --outSAMattributes Standard --outSAMtype BAM SortedByCoordinate --outFileNamePrefix SRR8223294.results
	STAR version: 2.7.11b   compiled: 2024-01-25T16:12:02-05:00 :/home/dobin/data/STAR/STARcode/STAR.master/source
Aug 13 17:16:58 ..... started STAR run
Aug 13 17:16:58 ..... loading genome
Aug 13 17:16:58 ..... started mapping
Aug 13 17:18:40 ..... finished mapping
Aug 13 17:18:40 ..... started sorting BAM
Aug 13 17:19:27 ..... finished successfully
2024-08-13 17:19:29 : Finished writing SRR8223294.results.bam


2024-08-13 17:19:29 : Processing files:
Output will be written to: SRR8223295.results

	STAR --runThreadN 40 --genomeDir /uufs/chpc.utah.edu/common/home/holmen-group1/star_ms/starGRCm39 --genomeLoad LoadAndKeep --limitBAMsortRAM 50000000000 --readFilesIn /uufs/chpc.utah.edu/common/home/holmen-group1/otrimskig/exp_data/kircher19/fastq_files/SRR8223295.fastq --outSAMattributes Standard --outSAMtype BAM SortedByCoordinate --outFileNamePrefix SRR8223295.results
	STAR version: 2.7.11b   compiled: 2024-01-25T16:12:02-05:00 :/home/dobin/data/STAR/STARcode/STAR.master/source
Aug 13 17:19:29 ..... started STAR run
Aug 13 17:19:29 ..... loading genome
Aug 13 17:19:29 ..... started mapping
Aug 13 17:21:17 ..... finished mapping
Aug 13 17:21:18 ..... started sorting BAM
Aug 13 17:21:58 ..... finished successfully
2024-08-13 17:22:00 : Finished writing SRR8223295.results.bam


2024-08-13 17:22:00 : Processing files:
Output will be written to: SRR8223296.results

	STAR --runThreadN 40 --genomeDir /uufs/chpc.utah.edu/common/home/holmen-group1/star_ms/starGRCm39 --genomeLoad LoadAndKeep --limitBAMsortRAM 50000000000 --readFilesIn /uufs/chpc.utah.edu/common/home/holmen-group1/otrimskig/exp_data/kircher19/fastq_files/SRR8223296.fastq --outSAMattributes Standard --outSAMtype BAM SortedByCoordinate --outFileNamePrefix SRR8223296.results
	STAR version: 2.7.11b   compiled: 2024-01-25T16:12:02-05:00 :/home/dobin/data/STAR/STARcode/STAR.master/source
Aug 13 17:22:00 ..... started STAR run
Aug 13 17:22:00 ..... loading genome
Aug 13 17:22:00 ..... started mapping
Aug 13 17:24:07 ..... finished mapping
Aug 13 17:24:08 ..... started sorting BAM
Aug 13 17:25:04 ..... finished successfully
2024-08-13 17:25:06 : Finished writing SRR8223296.results.bam


2024-08-13 17:25:06 : Processing files:
Output will be written to: SRR8223297.results

	STAR --runThreadN 40 --genomeDir /uufs/chpc.utah.edu/common/home/holmen-group1/star_ms/starGRCm39 --genomeLoad LoadAndKeep --limitBAMsortRAM 50000000000 --readFilesIn /uufs/chpc.utah.edu/common/home/holmen-group1/otrimskig/exp_data/kircher19/fastq_files/SRR8223297.fastq --outSAMattributes Standard --outSAMtype BAM SortedByCoordinate --outFileNamePrefix SRR8223297.results
	STAR version: 2.7.11b   compiled: 2024-01-25T16:12:02-05:00 :/home/dobin/data/STAR/STARcode/STAR.master/source
Aug 13 17:25:06 ..... started STAR run
Aug 13 17:25:06 ..... loading genome
Aug 13 17:25:06 ..... started mapping
Aug 13 17:26:45 ..... finished mapping
Aug 13 17:26:46 ..... started sorting BAM
Aug 13 17:27:26 ..... finished successfully
2024-08-13 17:27:28 : Finished writing SRR8223297.results.bam


2024-08-13 17:27:28 : Processing files:
Output will be written to: SRR8223298.results

	STAR --runThreadN 40 --genomeDir /uufs/chpc.utah.edu/common/home/holmen-group1/star_ms/starGRCm39 --genomeLoad LoadAndKeep --limitBAMsortRAM 50000000000 --readFilesIn /uufs/chpc.utah.edu/common/home/holmen-group1/otrimskig/exp_data/kircher19/fastq_files/SRR8223298.fastq --outSAMattributes Standard --outSAMtype BAM SortedByCoordinate --outFileNamePrefix SRR8223298.results
	STAR version: 2.7.11b   compiled: 2024-01-25T16:12:02-05:00 :/home/dobin/data/STAR/STARcode/STAR.master/source
Aug 13 17:27:28 ..... started STAR run
Aug 13 17:27:28 ..... loading genome
Aug 13 17:27:28 ..... started mapping
Aug 13 17:28:52 ..... finished mapping
Aug 13 17:28:52 ..... started sorting BAM
Aug 13 17:29:21 ..... finished successfully
2024-08-13 17:29:22 : Finished writing SRR8223298.results.bam


2024-08-13 17:29:22 : Processing files:
Output will be written to: SRR8223299.results

	STAR --runThreadN 40 --genomeDir /uufs/chpc.utah.edu/common/home/holmen-group1/star_ms/starGRCm39 --genomeLoad LoadAndKeep --limitBAMsortRAM 50000000000 --readFilesIn /uufs/chpc.utah.edu/common/home/holmen-group1/otrimskig/exp_data/kircher19/fastq_files/SRR8223299.fastq --outSAMattributes Standard --outSAMtype BAM SortedByCoordinate --outFileNamePrefix SRR8223299.results
	STAR version: 2.7.11b   compiled: 2024-01-25T16:12:02-05:00 :/home/dobin/data/STAR/STARcode/STAR.master/source
Aug 13 17:29:22 ..... started STAR run
Aug 13 17:29:22 ..... loading genome
Aug 13 17:29:23 ..... started mapping
Aug 13 17:31:38 ..... finished mapping
Aug 13 17:31:38 ..... started sorting BAM
Aug 13 17:32:26 ..... finished successfully
2024-08-13 17:32:28 : Finished writing SRR8223299.results.bam


2024-08-13 17:32:28 : Processing files:
Output will be written to: SRR8223300.results

	STAR --runThreadN 40 --genomeDir /uufs/chpc.utah.edu/common/home/holmen-group1/star_ms/starGRCm39 --genomeLoad LoadAndKeep --limitBAMsortRAM 50000000000 --readFilesIn /uufs/chpc.utah.edu/common/home/holmen-group1/otrimskig/exp_data/kircher19/fastq_files/SRR8223300.fastq --outSAMattributes Standard --outSAMtype BAM SortedByCoordinate --outFileNamePrefix SRR8223300.results
	STAR version: 2.7.11b   compiled: 2024-01-25T16:12:02-05:00 :/home/dobin/data/STAR/STARcode/STAR.master/source
Aug 13 17:32:28 ..... started STAR run
Aug 13 17:32:28 ..... loading genome
Aug 13 17:32:28 ..... started mapping
Aug 13 17:34:41 ..... finished mapping
Aug 13 17:34:42 ..... started sorting BAM
Aug 13 17:35:42 ..... finished successfully
2024-08-13 17:35:44 : Finished writing SRR8223300.results.bam


2024-08-13 17:35:44 : Processing files:
Output will be written to: SRR8223301.results

	STAR --runThreadN 40 --genomeDir /uufs/chpc.utah.edu/common/home/holmen-group1/star_ms/starGRCm39 --genomeLoad LoadAndKeep --limitBAMsortRAM 50000000000 --readFilesIn /uufs/chpc.utah.edu/common/home/holmen-group1/otrimskig/exp_data/kircher19/fastq_files/SRR8223301.fastq --outSAMattributes Standard --outSAMtype BAM SortedByCoordinate --outFileNamePrefix SRR8223301.results
	STAR version: 2.7.11b   compiled: 2024-01-25T16:12:02-05:00 :/home/dobin/data/STAR/STARcode/STAR.master/source
Aug 13 17:35:44 ..... started STAR run
Aug 13 17:35:44 ..... loading genome
Aug 13 17:35:44 ..... started mapping
Aug 13 17:37:43 ..... finished mapping
Aug 13 17:37:43 ..... started sorting BAM
Aug 13 17:38:27 ..... finished successfully
2024-08-13 17:38:29 : Finished writing SRR8223301.results.bam


2024-08-13 17:38:29 : Processing files:
Output will be written to: SRR8223302.results

	STAR --runThreadN 40 --genomeDir /uufs/chpc.utah.edu/common/home/holmen-group1/star_ms/starGRCm39 --genomeLoad LoadAndKeep --limitBAMsortRAM 50000000000 --readFilesIn /uufs/chpc.utah.edu/common/home/holmen-group1/otrimskig/exp_data/kircher19/fastq_files/SRR8223302.fastq --outSAMattributes Standard --outSAMtype BAM SortedByCoordinate --outFileNamePrefix SRR8223302.results
	STAR version: 2.7.11b   compiled: 2024-01-25T16:12:02-05:00 :/home/dobin/data/STAR/STARcode/STAR.master/source
Aug 13 17:38:29 ..... started STAR run
Aug 13 17:38:29 ..... loading genome
Aug 13 17:38:29 ..... started mapping
Aug 13 17:40:48 ..... finished mapping
Aug 13 17:40:48 ..... started sorting BAM
Aug 13 17:41:47 ..... finished successfully
2024-08-13 17:41:49 : Finished writing SRR8223302.results.bam


2024-08-13 17:41:49 : Processing files:
Output will be written to: SRR8223303.results

	STAR --runThreadN 40 --genomeDir /uufs/chpc.utah.edu/common/home/holmen-group1/star_ms/starGRCm39 --genomeLoad LoadAndKeep --limitBAMsortRAM 50000000000 --readFilesIn /uufs/chpc.utah.edu/common/home/holmen-group1/otrimskig/exp_data/kircher19/fastq_files/SRR8223303.fastq --outSAMattributes Standard --outSAMtype BAM SortedByCoordinate --outFileNamePrefix SRR8223303.results
	STAR version: 2.7.11b   compiled: 2024-01-25T16:12:02-05:00 :/home/dobin/data/STAR/STARcode/STAR.master/source
Aug 13 17:41:49 ..... started STAR run
Aug 13 17:41:49 ..... loading genome
Aug 13 17:41:49 ..... started mapping
Aug 13 17:43:38 ..... finished mapping
Aug 13 17:43:38 ..... started sorting BAM
Aug 13 17:44:19 ..... finished successfully
2024-08-13 17:44:21 : Finished writing SRR8223303.results.bam


2024-08-13 17:44:21 : Processing files:
Output will be written to: SRR8223304.results

	STAR --runThreadN 40 --genomeDir /uufs/chpc.utah.edu/common/home/holmen-group1/star_ms/starGRCm39 --genomeLoad LoadAndKeep --limitBAMsortRAM 50000000000 --readFilesIn /uufs/chpc.utah.edu/common/home/holmen-group1/otrimskig/exp_data/kircher19/fastq_files/SRR8223304.fastq --outSAMattributes Standard --outSAMtype BAM SortedByCoordinate --outFileNamePrefix SRR8223304.results
	STAR version: 2.7.11b   compiled: 2024-01-25T16:12:02-05:00 :/home/dobin/data/STAR/STARcode/STAR.master/source
Aug 13 17:44:21 ..... started STAR run
Aug 13 17:44:21 ..... loading genome
Aug 13 17:44:21 ..... started mapping
Aug 13 17:46:03 ..... finished mapping
Aug 13 17:46:03 ..... started sorting BAM
Aug 13 17:46:39 ..... finished successfully
2024-08-13 17:46:40 : Finished writing SRR8223304.results.bam


2024-08-13 17:46:42 : Processing files:
Output will be written to: SRR8223305.results

	STAR --runThreadN 40 --genomeDir /uufs/chpc.utah.edu/common/home/holmen-group1/star_ms/starGRCm39 --genomeLoad LoadAndKeep --limitBAMsortRAM 50000000000 --readFilesIn /uufs/chpc.utah.edu/common/home/holmen-group1/otrimskig/exp_data/kircher19/fastq_files/SRR8223305.fastq --outSAMattributes Standard --outSAMtype BAM SortedByCoordinate --outFileNamePrefix SRR8223305.results
	STAR version: 2.7.11b   compiled: 2024-01-25T16:12:02-05:00 :/home/dobin/data/STAR/STARcode/STAR.master/source
Aug 13 17:46:42 ..... started STAR run
Aug 13 17:46:42 ..... loading genome
Aug 13 17:46:42 ..... started mapping
Aug 13 17:48:51 ..... finished mapping
Aug 13 17:48:51 ..... started sorting BAM
Aug 13 17:49:45 ..... finished successfully
2024-08-13 17:49:47 : Finished writing SRR8223305.results.bam


2024-08-13 17:49:47 : Processing files:
Output will be written to: SRR8223306.results

	STAR --runThreadN 40 --genomeDir /uufs/chpc.utah.edu/common/home/holmen-group1/star_ms/starGRCm39 --genomeLoad LoadAndKeep --limitBAMsortRAM 50000000000 --readFilesIn /uufs/chpc.utah.edu/common/home/holmen-group1/otrimskig/exp_data/kircher19/fastq_files/SRR8223306.fastq --outSAMattributes Standard --outSAMtype BAM SortedByCoordinate --outFileNamePrefix SRR8223306.results
	STAR version: 2.7.11b   compiled: 2024-01-25T16:12:02-05:00 :/home/dobin/data/STAR/STARcode/STAR.master/source
Aug 13 17:49:47 ..... started STAR run
Aug 13 17:49:47 ..... loading genome
Aug 13 17:49:47 ..... started mapping
Aug 13 17:52:20 ..... finished mapping
Aug 13 17:52:21 ..... started sorting BAM
Aug 13 17:53:16 ..... finished successfully
2024-08-13 17:53:18 : Finished writing SRR8223306.results.bam


2024-08-13 17:53:18 : Processing files:
Output will be written to: SRR8223307.results

	STAR --runThreadN 40 --genomeDir /uufs/chpc.utah.edu/common/home/holmen-group1/star_ms/starGRCm39 --genomeLoad LoadAndKeep --limitBAMsortRAM 50000000000 --readFilesIn /uufs/chpc.utah.edu/common/home/holmen-group1/otrimskig/exp_data/kircher19/fastq_files/SRR8223307.fastq --outSAMattributes Standard --outSAMtype BAM SortedByCoordinate --outFileNamePrefix SRR8223307.results
	STAR version: 2.7.11b   compiled: 2024-01-25T16:12:02-05:00 :/home/dobin/data/STAR/STARcode/STAR.master/source
Aug 13 17:53:18 ..... started STAR run
Aug 13 17:53:18 ..... loading genome
Aug 13 17:53:18 ..... started mapping
Aug 13 17:55:01 ..... finished mapping
Aug 13 17:55:02 ..... started sorting BAM
Aug 13 17:55:49 ..... finished successfully
2024-08-13 17:55:51 : Finished writing SRR8223307.results.bam


2024-08-13 17:55:51 : Processing files:
Output will be written to: SRR8223308.results

	STAR --runThreadN 40 --genomeDir /uufs/chpc.utah.edu/common/home/holmen-group1/star_ms/starGRCm39 --genomeLoad LoadAndKeep --limitBAMsortRAM 50000000000 --readFilesIn /uufs/chpc.utah.edu/common/home/holmen-group1/otrimskig/exp_data/kircher19/fastq_files/SRR8223308.fastq --outSAMattributes Standard --outSAMtype BAM SortedByCoordinate --outFileNamePrefix SRR8223308.results
	STAR version: 2.7.11b   compiled: 2024-01-25T16:12:02-05:00 :/home/dobin/data/STAR/STARcode/STAR.master/source
Aug 13 17:55:51 ..... started STAR run
Aug 13 17:55:51 ..... loading genome
Aug 13 17:55:51 ..... started mapping
Aug 13 17:57:21 ..... finished mapping
Aug 13 17:57:21 ..... started sorting BAM
Aug 13 17:58:05 ..... finished successfully
2024-08-13 17:58:07 : Finished writing SRR8223308.results.bam


2024-08-13 17:58:07 : Processing files:
Output will be written to: SRR8223309.results

	STAR --runThreadN 40 --genomeDir /uufs/chpc.utah.edu/common/home/holmen-group1/star_ms/starGRCm39 --genomeLoad LoadAndKeep --limitBAMsortRAM 50000000000 --readFilesIn /uufs/chpc.utah.edu/common/home/holmen-group1/otrimskig/exp_data/kircher19/fastq_files/SRR8223309.fastq --outSAMattributes Standard --outSAMtype BAM SortedByCoordinate --outFileNamePrefix SRR8223309.results
	STAR version: 2.7.11b   compiled: 2024-01-25T16:12:02-05:00 :/home/dobin/data/STAR/STARcode/STAR.master/source
Aug 13 17:58:07 ..... started STAR run
Aug 13 17:58:07 ..... loading genome
Aug 13 17:58:07 ..... started mapping
Aug 13 18:00:10 ..... finished mapping
Aug 13 18:00:10 ..... started sorting BAM
Aug 13 18:00:47 ..... finished successfully
2024-08-13 18:00:49 : Finished writing SRR8223309.results.bam


2024-08-13 18:00:49 : Processing files:
Output will be written to: SRR8223310.results

	STAR --runThreadN 40 --genomeDir /uufs/chpc.utah.edu/common/home/holmen-group1/star_ms/starGRCm39 --genomeLoad LoadAndKeep --limitBAMsortRAM 50000000000 --readFilesIn /uufs/chpc.utah.edu/common/home/holmen-group1/otrimskig/exp_data/kircher19/fastq_files/SRR8223310.fastq --outSAMattributes Standard --outSAMtype BAM SortedByCoordinate --outFileNamePrefix SRR8223310.results
	STAR version: 2.7.11b   compiled: 2024-01-25T16:12:02-05:00 :/home/dobin/data/STAR/STARcode/STAR.master/source
Aug 13 18:00:49 ..... started STAR run
Aug 13 18:00:49 ..... loading genome
Aug 13 18:00:49 ..... started mapping
Aug 13 18:02:55 ..... finished mapping
Aug 13 18:02:55 ..... started sorting BAM
Aug 13 18:03:43 ..... finished successfully
2024-08-13 18:03:45 : Finished writing SRR8223310.results.bam


2024-08-13 18:03:45 : performing fastQC on /uufs/chpc.utah.edu/common/home/holmen-group1/otrimskig/exp_data/kircher19/fastq_files/SRR8223281.fastq 
text/plain
Started analysis of SRR8223281.fastq
Approx 5% complete for SRR8223281.fastq
Approx 10% complete for SRR8223281.fastq
Approx 15% complete for SRR8223281.fastq
Approx 20% complete for SRR8223281.fastq
Approx 25% complete for SRR8223281.fastq
Approx 30% complete for SRR8223281.fastq
Approx 35% complete for SRR8223281.fastq
Approx 40% complete for SRR8223281.fastq
Approx 45% complete for SRR8223281.fastq
Approx 50% complete for SRR8223281.fastq
Approx 55% complete for SRR8223281.fastq
Approx 60% complete for SRR8223281.fastq
Approx 65% complete for SRR8223281.fastq
Approx 70% complete for SRR8223281.fastq
Approx 75% complete for SRR8223281.fastq
Approx 80% complete for SRR8223281.fastq
Approx 85% complete for SRR8223281.fastq
Approx 90% complete for SRR8223281.fastq
Approx 95% complete for SRR8223281.fastq
Analysis complete for SRR8223281.fastq
2024-08-13 18:05:04 : performing fastQC on /uufs/chpc.utah.edu/common/home/holmen-group1/otrimskig/exp_data/kircher19/fastq_files/SRR8223282.fastq 
text/plain
Started analysis of SRR8223282.fastq
Approx 5% complete for SRR8223282.fastq
Approx 10% complete for SRR8223282.fastq
Approx 15% complete for SRR8223282.fastq
Approx 20% complete for SRR8223282.fastq
Approx 25% complete for SRR8223282.fastq
Approx 30% complete for SRR8223282.fastq
Approx 35% complete for SRR8223282.fastq
Approx 40% complete for SRR8223282.fastq
Approx 45% complete for SRR8223282.fastq
Approx 50% complete for SRR8223282.fastq
Approx 55% complete for SRR8223282.fastq
Approx 60% complete for SRR8223282.fastq
Approx 65% complete for SRR8223282.fastq
Approx 70% complete for SRR8223282.fastq
Approx 75% complete for SRR8223282.fastq
Approx 80% complete for SRR8223282.fastq
Approx 85% complete for SRR8223282.fastq
Approx 90% complete for SRR8223282.fastq
Approx 95% complete for SRR8223282.fastq
Analysis complete for SRR8223282.fastq
2024-08-13 18:06:54 : performing fastQC on /uufs/chpc.utah.edu/common/home/holmen-group1/otrimskig/exp_data/kircher19/fastq_files/SRR8223283.fastq 
text/plain
Started analysis of SRR8223283.fastq
Approx 5% complete for SRR8223283.fastq
Approx 10% complete for SRR8223283.fastq
Approx 15% complete for SRR8223283.fastq
Approx 20% complete for SRR8223283.fastq
Approx 25% complete for SRR8223283.fastq
Approx 30% complete for SRR8223283.fastq
Approx 35% complete for SRR8223283.fastq
Approx 40% complete for SRR8223283.fastq
Approx 45% complete for SRR8223283.fastq
Approx 50% complete for SRR8223283.fastq
Approx 55% complete for SRR8223283.fastq
Approx 60% complete for SRR8223283.fastq
Approx 65% complete for SRR8223283.fastq
Approx 70% complete for SRR8223283.fastq
Approx 75% complete for SRR8223283.fastq
Approx 80% complete for SRR8223283.fastq
Approx 85% complete for SRR8223283.fastq
Approx 90% complete for SRR8223283.fastq
Approx 95% complete for SRR8223283.fastq
Analysis complete for SRR8223283.fastq
2024-08-13 18:08:47 : performing fastQC on /uufs/chpc.utah.edu/common/home/holmen-group1/otrimskig/exp_data/kircher19/fastq_files/SRR8223284.fastq 
text/plain
Started analysis of SRR8223284.fastq
Approx 5% complete for SRR8223284.fastq
Approx 10% complete for SRR8223284.fastq
Approx 15% complete for SRR8223284.fastq
Approx 20% complete for SRR8223284.fastq
Approx 25% complete for SRR8223284.fastq
Approx 30% complete for SRR8223284.fastq
Approx 35% complete for SRR8223284.fastq
Approx 40% complete for SRR8223284.fastq
Approx 45% complete for SRR8223284.fastq
Approx 50% complete for SRR8223284.fastq
Approx 55% complete for SRR8223284.fastq
Approx 60% complete for SRR8223284.fastq
Approx 65% complete for SRR8223284.fastq
Approx 70% complete for SRR8223284.fastq
Approx 75% complete for SRR8223284.fastq
Approx 80% complete for SRR8223284.fastq
Approx 85% complete for SRR8223284.fastq
Approx 90% complete for SRR8223284.fastq
Approx 95% complete for SRR8223284.fastq
Analysis complete for SRR8223284.fastq
2024-08-13 18:10:23 : performing fastQC on /uufs/chpc.utah.edu/common/home/holmen-group1/otrimskig/exp_data/kircher19/fastq_files/SRR8223285.fastq 
text/plain
Started analysis of SRR8223285.fastq
Approx 5% complete for SRR8223285.fastq
Approx 10% complete for SRR8223285.fastq
Approx 15% complete for SRR8223285.fastq
Approx 20% complete for SRR8223285.fastq
Approx 25% complete for SRR8223285.fastq
Approx 30% complete for SRR8223285.fastq
Approx 35% complete for SRR8223285.fastq
Approx 40% complete for SRR8223285.fastq
Approx 45% complete for SRR8223285.fastq
Approx 50% complete for SRR8223285.fastq
Approx 55% complete for SRR8223285.fastq
Approx 60% complete for SRR8223285.fastq
Approx 65% complete for SRR8223285.fastq
Approx 70% complete for SRR8223285.fastq
Approx 75% complete for SRR8223285.fastq
Approx 80% complete for SRR8223285.fastq
Approx 85% complete for SRR8223285.fastq
Approx 90% complete for SRR8223285.fastq
Approx 95% complete for SRR8223285.fastq
Analysis complete for SRR8223285.fastq
2024-08-13 18:11:59 : performing fastQC on /uufs/chpc.utah.edu/common/home/holmen-group1/otrimskig/exp_data/kircher19/fastq_files/SRR8223286.fastq 
text/plain
Started analysis of SRR8223286.fastq
Approx 5% complete for SRR8223286.fastq
Approx 10% complete for SRR8223286.fastq
Approx 15% complete for SRR8223286.fastq
Approx 20% complete for SRR8223286.fastq
Approx 25% complete for SRR8223286.fastq
Approx 30% complete for SRR8223286.fastq
Approx 35% complete for SRR8223286.fastq
Approx 40% complete for SRR8223286.fastq
Approx 45% complete for SRR8223286.fastq
Approx 50% complete for SRR8223286.fastq
Approx 55% complete for SRR8223286.fastq
Approx 60% complete for SRR8223286.fastq
Approx 65% complete for SRR8223286.fastq
Approx 70% complete for SRR8223286.fastq
Approx 75% complete for SRR8223286.fastq
Approx 80% complete for SRR8223286.fastq
Approx 85% complete for SRR8223286.fastq
Approx 90% complete for SRR8223286.fastq
Approx 95% complete for SRR8223286.fastq
Analysis complete for SRR8223286.fastq
2024-08-13 18:13:49 : performing fastQC on /uufs/chpc.utah.edu/common/home/holmen-group1/otrimskig/exp_data/kircher19/fastq_files/SRR8223287.fastq 
text/plain
Started analysis of SRR8223287.fastq
Approx 5% complete for SRR8223287.fastq
Approx 10% complete for SRR8223287.fastq
Approx 15% complete for SRR8223287.fastq
Approx 20% complete for SRR8223287.fastq
Approx 25% complete for SRR8223287.fastq
Approx 30% complete for SRR8223287.fastq
Approx 35% complete for SRR8223287.fastq
Approx 40% complete for SRR8223287.fastq
Approx 45% complete for SRR8223287.fastq
Approx 50% complete for SRR8223287.fastq
Approx 55% complete for SRR8223287.fastq
Approx 60% complete for SRR8223287.fastq
Approx 65% complete for SRR8223287.fastq
Approx 70% complete for SRR8223287.fastq
Approx 75% complete for SRR8223287.fastq
Approx 80% complete for SRR8223287.fastq
Approx 85% complete for SRR8223287.fastq
Approx 90% complete for SRR8223287.fastq
Approx 95% complete for SRR8223287.fastq
Analysis complete for SRR8223287.fastq
2024-08-13 18:16:03 : performing fastQC on /uufs/chpc.utah.edu/common/home/holmen-group1/otrimskig/exp_data/kircher19/fastq_files/SRR8223288.fastq 
text/plain
Started analysis of SRR8223288.fastq
Approx 5% complete for SRR8223288.fastq
Approx 10% complete for SRR8223288.fastq
Approx 15% complete for SRR8223288.fastq
Approx 20% complete for SRR8223288.fastq
Approx 25% complete for SRR8223288.fastq
Approx 30% complete for SRR8223288.fastq
Approx 35% complete for SRR8223288.fastq
Approx 40% complete for SRR8223288.fastq
Approx 45% complete for SRR8223288.fastq
Approx 50% complete for SRR8223288.fastq
Approx 55% complete for SRR8223288.fastq
Approx 60% complete for SRR8223288.fastq
Approx 65% complete for SRR8223288.fastq
Approx 70% complete for SRR8223288.fastq
Approx 75% complete for SRR8223288.fastq
Approx 80% complete for SRR8223288.fastq
Approx 85% complete for SRR8223288.fastq
Approx 90% complete for SRR8223288.fastq
Approx 95% complete for SRR8223288.fastq
Analysis complete for SRR8223288.fastq
2024-08-13 18:18:02 : performing fastQC on /uufs/chpc.utah.edu/common/home/holmen-group1/otrimskig/exp_data/kircher19/fastq_files/SRR8223289.fastq 
text/plain
Started analysis of SRR8223289.fastq
Approx 5% complete for SRR8223289.fastq
Approx 10% complete for SRR8223289.fastq
Approx 15% complete for SRR8223289.fastq
Approx 20% complete for SRR8223289.fastq
Approx 25% complete for SRR8223289.fastq
Approx 30% complete for SRR8223289.fastq
Approx 35% complete for SRR8223289.fastq
Approx 40% complete for SRR8223289.fastq
Approx 45% complete for SRR8223289.fastq
Approx 50% complete for SRR8223289.fastq
Approx 55% complete for SRR8223289.fastq
Approx 60% complete for SRR8223289.fastq
Approx 65% complete for SRR8223289.fastq
Approx 70% complete for SRR8223289.fastq
Approx 75% complete for SRR8223289.fastq
Approx 80% complete for SRR8223289.fastq
Approx 85% complete for SRR8223289.fastq
Approx 90% complete for SRR8223289.fastq
Approx 95% complete for SRR8223289.fastq
Analysis complete for SRR8223289.fastq
2024-08-13 18:19:40 : performing fastQC on /uufs/chpc.utah.edu/common/home/holmen-group1/otrimskig/exp_data/kircher19/fastq_files/SRR8223290.fastq 
text/plain
Started analysis of SRR8223290.fastq
Approx 5% complete for SRR8223290.fastq
Approx 10% complete for SRR8223290.fastq
Approx 15% complete for SRR8223290.fastq
Approx 20% complete for SRR8223290.fastq
Approx 25% complete for SRR8223290.fastq
Approx 30% complete for SRR8223290.fastq
Approx 35% complete for SRR8223290.fastq
Approx 40% complete for SRR8223290.fastq
Approx 45% complete for SRR8223290.fastq
Approx 50% complete for SRR8223290.fastq
Approx 55% complete for SRR8223290.fastq
Approx 60% complete for SRR8223290.fastq
Approx 65% complete for SRR8223290.fastq
Approx 70% complete for SRR8223290.fastq
Approx 75% complete for SRR8223290.fastq
Approx 80% complete for SRR8223290.fastq
Approx 85% complete for SRR8223290.fastq
Approx 90% complete for SRR8223290.fastq
Approx 95% complete for SRR8223290.fastq
Analysis complete for SRR8223290.fastq
2024-08-13 18:21:08 : performing fastQC on /uufs/chpc.utah.edu/common/home/holmen-group1/otrimskig/exp_data/kircher19/fastq_files/SRR8223291.fastq 
text/plain
Started analysis of SRR8223291.fastq
Approx 5% complete for SRR8223291.fastq
Approx 10% complete for SRR8223291.fastq
Approx 15% complete for SRR8223291.fastq
Approx 20% complete for SRR8223291.fastq
Approx 25% complete for SRR8223291.fastq
Approx 30% complete for SRR8223291.fastq
Approx 35% complete for SRR8223291.fastq
Approx 40% complete for SRR8223291.fastq
Approx 45% complete for SRR8223291.fastq
Approx 50% complete for SRR8223291.fastq
Approx 55% complete for SRR8223291.fastq
Approx 60% complete for SRR8223291.fastq
Approx 65% complete for SRR8223291.fastq
Approx 70% complete for SRR8223291.fastq
Approx 75% complete for SRR8223291.fastq
Approx 80% complete for SRR8223291.fastq
Approx 85% complete for SRR8223291.fastq
Approx 90% complete for SRR8223291.fastq
Approx 95% complete for SRR8223291.fastq
Analysis complete for SRR8223291.fastq
2024-08-13 18:22:54 : performing fastQC on /uufs/chpc.utah.edu/common/home/holmen-group1/otrimskig/exp_data/kircher19/fastq_files/SRR8223292.fastq 
text/plain
Started analysis of SRR8223292.fastq
Approx 5% complete for SRR8223292.fastq
Approx 10% complete for SRR8223292.fastq
Approx 15% complete for SRR8223292.fastq
Approx 20% complete for SRR8223292.fastq
Approx 25% complete for SRR8223292.fastq
Approx 30% complete for SRR8223292.fastq
Approx 35% complete for SRR8223292.fastq
Approx 40% complete for SRR8223292.fastq
Approx 45% complete for SRR8223292.fastq
Approx 50% complete for SRR8223292.fastq
Approx 55% complete for SRR8223292.fastq
Approx 60% complete for SRR8223292.fastq
Approx 65% complete for SRR8223292.fastq
Approx 70% complete for SRR8223292.fastq
Approx 75% complete for SRR8223292.fastq
Approx 80% complete for SRR8223292.fastq
Approx 85% complete for SRR8223292.fastq
Approx 90% complete for SRR8223292.fastq
Approx 95% complete for SRR8223292.fastq
Analysis complete for SRR8223292.fastq
2024-08-13 18:24:58 : performing fastQC on /uufs/chpc.utah.edu/common/home/holmen-group1/otrimskig/exp_data/kircher19/fastq_files/SRR8223293.fastq 
text/plain
Started analysis of SRR8223293.fastq
Approx 5% complete for SRR8223293.fastq
Approx 10% complete for SRR8223293.fastq
Approx 15% complete for SRR8223293.fastq
Approx 20% complete for SRR8223293.fastq
Approx 25% complete for SRR8223293.fastq
Approx 30% complete for SRR8223293.fastq
Approx 35% complete for SRR8223293.fastq
Approx 40% complete for SRR8223293.fastq
Approx 45% complete for SRR8223293.fastq
Approx 50% complete for SRR8223293.fastq
Approx 55% complete for SRR8223293.fastq
Approx 60% complete for SRR8223293.fastq
Approx 65% complete for SRR8223293.fastq
Approx 70% complete for SRR8223293.fastq
Approx 75% complete for SRR8223293.fastq
Approx 80% complete for SRR8223293.fastq
Approx 85% complete for SRR8223293.fastq
Approx 90% complete for SRR8223293.fastq
Approx 95% complete for SRR8223293.fastq
Analysis complete for SRR8223293.fastq
2024-08-13 18:26:52 : performing fastQC on /uufs/chpc.utah.edu/common/home/holmen-group1/otrimskig/exp_data/kircher19/fastq_files/SRR8223294.fastq 
text/plain
Started analysis of SRR8223294.fastq
Approx 5% complete for SRR8223294.fastq
Approx 10% complete for SRR8223294.fastq
Approx 15% complete for SRR8223294.fastq
Approx 20% complete for SRR8223294.fastq
Approx 25% complete for SRR8223294.fastq
Approx 30% complete for SRR8223294.fastq
Approx 35% complete for SRR8223294.fastq
Approx 40% complete for SRR8223294.fastq
Approx 45% complete for SRR8223294.fastq
Approx 50% complete for SRR8223294.fastq
Approx 55% complete for SRR8223294.fastq
Approx 60% complete for SRR8223294.fastq
Approx 65% complete for SRR8223294.fastq
Approx 70% complete for SRR8223294.fastq
Approx 75% complete for SRR8223294.fastq
Approx 80% complete for SRR8223294.fastq
Approx 85% complete for SRR8223294.fastq
Approx 90% complete for SRR8223294.fastq
Approx 95% complete for SRR8223294.fastq
Analysis complete for SRR8223294.fastq
2024-08-13 18:28:36 : performing fastQC on /uufs/chpc.utah.edu/common/home/holmen-group1/otrimskig/exp_data/kircher19/fastq_files/SRR8223295.fastq 
text/plain
Started analysis of SRR8223295.fastq
Approx 5% complete for SRR8223295.fastq
Approx 10% complete for SRR8223295.fastq
Approx 15% complete for SRR8223295.fastq
Approx 20% complete for SRR8223295.fastq
Approx 25% complete for SRR8223295.fastq
Approx 30% complete for SRR8223295.fastq
Approx 35% complete for SRR8223295.fastq
Approx 40% complete for SRR8223295.fastq
Approx 45% complete for SRR8223295.fastq
Approx 50% complete for SRR8223295.fastq
Approx 55% complete for SRR8223295.fastq
Approx 60% complete for SRR8223295.fastq
Approx 65% complete for SRR8223295.fastq
Approx 70% complete for SRR8223295.fastq
Approx 75% complete for SRR8223295.fastq
Approx 80% complete for SRR8223295.fastq
Approx 85% complete for SRR8223295.fastq
Approx 90% complete for SRR8223295.fastq
Approx 95% complete for SRR8223295.fastq
Analysis complete for SRR8223295.fastq
2024-08-13 18:29:55 : performing fastQC on /uufs/chpc.utah.edu/common/home/holmen-group1/otrimskig/exp_data/kircher19/fastq_files/SRR8223296.fastq 
text/plain
Started analysis of SRR8223296.fastq
Approx 5% complete for SRR8223296.fastq
Approx 10% complete for SRR8223296.fastq
Approx 15% complete for SRR8223296.fastq
Approx 20% complete for SRR8223296.fastq
Approx 25% complete for SRR8223296.fastq
Approx 30% complete for SRR8223296.fastq
Approx 35% complete for SRR8223296.fastq
Approx 40% complete for SRR8223296.fastq
Approx 45% complete for SRR8223296.fastq
Approx 50% complete for SRR8223296.fastq
Approx 55% complete for SRR8223296.fastq
Approx 60% complete for SRR8223296.fastq
Approx 65% complete for SRR8223296.fastq
Approx 70% complete for SRR8223296.fastq
Approx 75% complete for SRR8223296.fastq
Approx 80% complete for SRR8223296.fastq
Approx 85% complete for SRR8223296.fastq
Approx 90% complete for SRR8223296.fastq
Approx 95% complete for SRR8223296.fastq
Analysis complete for SRR8223296.fastq
2024-08-13 18:31:29 : performing fastQC on /uufs/chpc.utah.edu/common/home/holmen-group1/otrimskig/exp_data/kircher19/fastq_files/SRR8223297.fastq 
text/plain
Started analysis of SRR8223297.fastq
Approx 5% complete for SRR8223297.fastq
Approx 10% complete for SRR8223297.fastq
Approx 15% complete for SRR8223297.fastq
Approx 20% complete for SRR8223297.fastq
Approx 25% complete for SRR8223297.fastq
Approx 30% complete for SRR8223297.fastq
Approx 35% complete for SRR8223297.fastq
Approx 40% complete for SRR8223297.fastq
Approx 45% complete for SRR8223297.fastq
Approx 50% complete for SRR8223297.fastq
Approx 55% complete for SRR8223297.fastq
Approx 60% complete for SRR8223297.fastq
Approx 65% complete for SRR8223297.fastq
Approx 70% complete for SRR8223297.fastq
Approx 75% complete for SRR8223297.fastq
Approx 80% complete for SRR8223297.fastq
Approx 85% complete for SRR8223297.fastq
Approx 90% complete for SRR8223297.fastq
Approx 95% complete for SRR8223297.fastq
Analysis complete for SRR8223297.fastq
2024-08-13 18:32:45 : performing fastQC on /uufs/chpc.utah.edu/common/home/holmen-group1/otrimskig/exp_data/kircher19/fastq_files/SRR8223298.fastq 
text/plain
Started analysis of SRR8223298.fastq
Approx 5% complete for SRR8223298.fastq
Approx 10% complete for SRR8223298.fastq
Approx 15% complete for SRR8223298.fastq
Approx 20% complete for SRR8223298.fastq
Approx 25% complete for SRR8223298.fastq
Approx 30% complete for SRR8223298.fastq
Approx 35% complete for SRR8223298.fastq
Approx 40% complete for SRR8223298.fastq
Approx 45% complete for SRR8223298.fastq
Approx 50% complete for SRR8223298.fastq
Approx 55% complete for SRR8223298.fastq
Approx 60% complete for SRR8223298.fastq
Approx 65% complete for SRR8223298.fastq
Approx 70% complete for SRR8223298.fastq
Approx 75% complete for SRR8223298.fastq
Approx 80% complete for SRR8223298.fastq
Approx 85% complete for SRR8223298.fastq
Approx 90% complete for SRR8223298.fastq
Approx 95% complete for SRR8223298.fastq
Analysis complete for SRR8223298.fastq
2024-08-13 18:34:02 : performing fastQC on /uufs/chpc.utah.edu/common/home/holmen-group1/otrimskig/exp_data/kircher19/fastq_files/SRR8223299.fastq 
text/plain
Started analysis of SRR8223299.fastq
Approx 5% complete for SRR8223299.fastq
Approx 10% complete for SRR8223299.fastq
Approx 15% complete for SRR8223299.fastq
Approx 20% complete for SRR8223299.fastq
Approx 25% complete for SRR8223299.fastq
Approx 30% complete for SRR8223299.fastq
Approx 35% complete for SRR8223299.fastq
Approx 40% complete for SRR8223299.fastq
Approx 45% complete for SRR8223299.fastq
Approx 50% complete for SRR8223299.fastq
Approx 55% complete for SRR8223299.fastq
Approx 60% complete for SRR8223299.fastq
Approx 65% complete for SRR8223299.fastq
Approx 70% complete for SRR8223299.fastq
Approx 75% complete for SRR8223299.fastq
Approx 80% complete for SRR8223299.fastq
Approx 85% complete for SRR8223299.fastq
Approx 90% complete for SRR8223299.fastq
Approx 95% complete for SRR8223299.fastq
Analysis complete for SRR8223299.fastq
2024-08-13 18:35:39 : performing fastQC on /uufs/chpc.utah.edu/common/home/holmen-group1/otrimskig/exp_data/kircher19/fastq_files/SRR8223300.fastq 
text/plain
Started analysis of SRR8223300.fastq
Approx 5% complete for SRR8223300.fastq
Approx 10% complete for SRR8223300.fastq
Approx 15% complete for SRR8223300.fastq
Approx 20% complete for SRR8223300.fastq
Approx 25% complete for SRR8223300.fastq
Approx 30% complete for SRR8223300.fastq
Approx 35% complete for SRR8223300.fastq
Approx 40% complete for SRR8223300.fastq
Approx 45% complete for SRR8223300.fastq
Approx 50% complete for SRR8223300.fastq
Approx 55% complete for SRR8223300.fastq
Approx 60% complete for SRR8223300.fastq
Approx 65% complete for SRR8223300.fastq
Approx 70% complete for SRR8223300.fastq
Approx 75% complete for SRR8223300.fastq
Approx 80% complete for SRR8223300.fastq
Approx 85% complete for SRR8223300.fastq
Approx 90% complete for SRR8223300.fastq
Approx 95% complete for SRR8223300.fastq
Analysis complete for SRR8223300.fastq
2024-08-13 18:37:41 : performing fastQC on /uufs/chpc.utah.edu/common/home/holmen-group1/otrimskig/exp_data/kircher19/fastq_files/SRR8223301.fastq 
text/plain
Started analysis of SRR8223301.fastq
Approx 5% complete for SRR8223301.fastq
Approx 10% complete for SRR8223301.fastq
Approx 15% complete for SRR8223301.fastq
Approx 20% complete for SRR8223301.fastq
Approx 25% complete for SRR8223301.fastq
Approx 30% complete for SRR8223301.fastq
Approx 35% complete for SRR8223301.fastq
Approx 40% complete for SRR8223301.fastq
Approx 45% complete for SRR8223301.fastq
Approx 50% complete for SRR8223301.fastq
Approx 55% complete for SRR8223301.fastq
Approx 60% complete for SRR8223301.fastq
Approx 65% complete for SRR8223301.fastq
Approx 70% complete for SRR8223301.fastq
Approx 75% complete for SRR8223301.fastq
Approx 80% complete for SRR8223301.fastq
Approx 85% complete for SRR8223301.fastq
Approx 90% complete for SRR8223301.fastq
Approx 95% complete for SRR8223301.fastq
Analysis complete for SRR8223301.fastq
2024-08-13 18:39:27 : performing fastQC on /uufs/chpc.utah.edu/common/home/holmen-group1/otrimskig/exp_data/kircher19/fastq_files/SRR8223302.fastq 
text/plain
Started analysis of SRR8223302.fastq
Approx 5% complete for SRR8223302.fastq
Approx 10% complete for SRR8223302.fastq
Approx 15% complete for SRR8223302.fastq
Approx 20% complete for SRR8223302.fastq
Approx 25% complete for SRR8223302.fastq
Approx 30% complete for SRR8223302.fastq
Approx 35% complete for SRR8223302.fastq
Approx 40% complete for SRR8223302.fastq
Approx 45% complete for SRR8223302.fastq
Approx 50% complete for SRR8223302.fastq
Approx 55% complete for SRR8223302.fastq
Approx 60% complete for SRR8223302.fastq
Approx 65% complete for SRR8223302.fastq
Approx 70% complete for SRR8223302.fastq
Approx 75% complete for SRR8223302.fastq
Approx 80% complete for SRR8223302.fastq
Approx 85% complete for SRR8223302.fastq
Approx 90% complete for SRR8223302.fastq
Approx 95% complete for SRR8223302.fastq
Analysis complete for SRR8223302.fastq
2024-08-13 18:41:09 : performing fastQC on /uufs/chpc.utah.edu/common/home/holmen-group1/otrimskig/exp_data/kircher19/fastq_files/SRR8223303.fastq 
text/plain
Started analysis of SRR8223303.fastq
Approx 5% complete for SRR8223303.fastq
Approx 10% complete for SRR8223303.fastq
Approx 15% complete for SRR8223303.fastq
Approx 20% complete for SRR8223303.fastq
Approx 25% complete for SRR8223303.fastq
Approx 30% complete for SRR8223303.fastq
Approx 35% complete for SRR8223303.fastq
Approx 40% complete for SRR8223303.fastq
Approx 45% complete for SRR8223303.fastq
Approx 50% complete for SRR8223303.fastq
Approx 55% complete for SRR8223303.fastq
Approx 60% complete for SRR8223303.fastq
Approx 65% complete for SRR8223303.fastq
Approx 70% complete for SRR8223303.fastq
Approx 75% complete for SRR8223303.fastq
Approx 80% complete for SRR8223303.fastq
Approx 85% complete for SRR8223303.fastq
Approx 90% complete for SRR8223303.fastq
Approx 95% complete for SRR8223303.fastq
Analysis complete for SRR8223303.fastq
2024-08-13 18:42:45 : performing fastQC on /uufs/chpc.utah.edu/common/home/holmen-group1/otrimskig/exp_data/kircher19/fastq_files/SRR8223304.fastq 
text/plain
Started analysis of SRR8223304.fastq
Approx 5% complete for SRR8223304.fastq
Approx 10% complete for SRR8223304.fastq
Approx 15% complete for SRR8223304.fastq
Approx 20% complete for SRR8223304.fastq
Approx 25% complete for SRR8223304.fastq
Approx 30% complete for SRR8223304.fastq
Approx 35% complete for SRR8223304.fastq
Approx 40% complete for SRR8223304.fastq
Approx 45% complete for SRR8223304.fastq
Approx 50% complete for SRR8223304.fastq
Approx 55% complete for SRR8223304.fastq
Approx 60% complete for SRR8223304.fastq
Approx 65% complete for SRR8223304.fastq
Approx 70% complete for SRR8223304.fastq
Approx 75% complete for SRR8223304.fastq
Approx 80% complete for SRR8223304.fastq
Approx 85% complete for SRR8223304.fastq
Approx 90% complete for SRR8223304.fastq
Approx 95% complete for SRR8223304.fastq
Analysis complete for SRR8223304.fastq
2024-08-13 18:44:03 : performing fastQC on /uufs/chpc.utah.edu/common/home/holmen-group1/otrimskig/exp_data/kircher19/fastq_files/SRR8223305.fastq 
text/plain
Started analysis of SRR8223305.fastq
Approx 5% complete for SRR8223305.fastq
Approx 10% complete for SRR8223305.fastq
Approx 15% complete for SRR8223305.fastq
Approx 20% complete for SRR8223305.fastq
Approx 25% complete for SRR8223305.fastq
Approx 30% complete for SRR8223305.fastq
Approx 35% complete for SRR8223305.fastq
Approx 40% complete for SRR8223305.fastq
Approx 45% complete for SRR8223305.fastq
Approx 50% complete for SRR8223305.fastq
Approx 55% complete for SRR8223305.fastq
Approx 60% complete for SRR8223305.fastq
Approx 65% complete for SRR8223305.fastq
Approx 70% complete for SRR8223305.fastq
Approx 75% complete for SRR8223305.fastq
Approx 80% complete for SRR8223305.fastq
Approx 85% complete for SRR8223305.fastq
Approx 90% complete for SRR8223305.fastq
Approx 95% complete for SRR8223305.fastq
Analysis complete for SRR8223305.fastq
2024-08-13 18:45:36 : performing fastQC on /uufs/chpc.utah.edu/common/home/holmen-group1/otrimskig/exp_data/kircher19/fastq_files/SRR8223306.fastq 
text/plain
Started analysis of SRR8223306.fastq
Approx 5% complete for SRR8223306.fastq
Approx 10% complete for SRR8223306.fastq
Approx 15% complete for SRR8223306.fastq
Approx 20% complete for SRR8223306.fastq
Approx 25% complete for SRR8223306.fastq
Approx 30% complete for SRR8223306.fastq
Approx 35% complete for SRR8223306.fastq
Approx 40% complete for SRR8223306.fastq
Approx 45% complete for SRR8223306.fastq
Approx 50% complete for SRR8223306.fastq
Approx 55% complete for SRR8223306.fastq
Approx 60% complete for SRR8223306.fastq
Approx 65% complete for SRR8223306.fastq
Approx 70% complete for SRR8223306.fastq
Approx 75% complete for SRR8223306.fastq
Approx 80% complete for SRR8223306.fastq
Approx 85% complete for SRR8223306.fastq
Approx 90% complete for SRR8223306.fastq
Approx 95% complete for SRR8223306.fastq
Analysis complete for SRR8223306.fastq
2024-08-13 18:47:25 : performing fastQC on /uufs/chpc.utah.edu/common/home/holmen-group1/otrimskig/exp_data/kircher19/fastq_files/SRR8223307.fastq 
text/plain
Started analysis of SRR8223307.fastq
Approx 5% complete for SRR8223307.fastq
Approx 10% complete for SRR8223307.fastq
Approx 15% complete for SRR8223307.fastq
Approx 20% complete for SRR8223307.fastq
Approx 25% complete for SRR8223307.fastq
Approx 30% complete for SRR8223307.fastq
Approx 35% complete for SRR8223307.fastq
Approx 40% complete for SRR8223307.fastq
Approx 45% complete for SRR8223307.fastq
Approx 50% complete for SRR8223307.fastq
Approx 55% complete for SRR8223307.fastq
Approx 60% complete for SRR8223307.fastq
Approx 65% complete for SRR8223307.fastq
Approx 70% complete for SRR8223307.fastq
Approx 75% complete for SRR8223307.fastq
Approx 80% complete for SRR8223307.fastq
Approx 85% complete for SRR8223307.fastq
Approx 90% complete for SRR8223307.fastq
Approx 95% complete for SRR8223307.fastq
Approx 100% complete for SRR8223307.fastq
Analysis complete for SRR8223307.fastq
2024-08-13 18:49:06 : performing fastQC on /uufs/chpc.utah.edu/common/home/holmen-group1/otrimskig/exp_data/kircher19/fastq_files/SRR8223308.fastq 
text/plain
Started analysis of SRR8223308.fastq
Approx 5% complete for SRR8223308.fastq
Approx 10% complete for SRR8223308.fastq
Approx 15% complete for SRR8223308.fastq
Approx 20% complete for SRR8223308.fastq
Approx 25% complete for SRR8223308.fastq
Approx 30% complete for SRR8223308.fastq
Approx 35% complete for SRR8223308.fastq
Approx 40% complete for SRR8223308.fastq
Approx 45% complete for SRR8223308.fastq
Approx 50% complete for SRR8223308.fastq
Approx 55% complete for SRR8223308.fastq
Approx 60% complete for SRR8223308.fastq
Approx 65% complete for SRR8223308.fastq
Approx 70% complete for SRR8223308.fastq
Approx 75% complete for SRR8223308.fastq
Approx 80% complete for SRR8223308.fastq
Approx 85% complete for SRR8223308.fastq
Approx 90% complete for SRR8223308.fastq
Approx 95% complete for SRR8223308.fastq
Analysis complete for SRR8223308.fastq
2024-08-13 18:50:25 : performing fastQC on /uufs/chpc.utah.edu/common/home/holmen-group1/otrimskig/exp_data/kircher19/fastq_files/SRR8223309.fastq 
text/plain
Started analysis of SRR8223309.fastq
Approx 5% complete for SRR8223309.fastq
Approx 10% complete for SRR8223309.fastq
Approx 15% complete for SRR8223309.fastq
Approx 20% complete for SRR8223309.fastq
Approx 25% complete for SRR8223309.fastq
Approx 30% complete for SRR8223309.fastq
Approx 35% complete for SRR8223309.fastq
Approx 40% complete for SRR8223309.fastq
Approx 45% complete for SRR8223309.fastq
Approx 50% complete for SRR8223309.fastq
Approx 55% complete for SRR8223309.fastq
Approx 60% complete for SRR8223309.fastq
Approx 65% complete for SRR8223309.fastq
Approx 70% complete for SRR8223309.fastq
Approx 75% complete for SRR8223309.fastq
Approx 80% complete for SRR8223309.fastq
Approx 85% complete for SRR8223309.fastq
Approx 90% complete for SRR8223309.fastq
Approx 95% complete for SRR8223309.fastq
Analysis complete for SRR8223309.fastq
2024-08-13 18:51:43 : performing fastQC on /uufs/chpc.utah.edu/common/home/holmen-group1/otrimskig/exp_data/kircher19/fastq_files/SRR8223310.fastq 
text/plain
Started analysis of SRR8223310.fastq
Approx 5% complete for SRR8223310.fastq
Approx 10% complete for SRR8223310.fastq
Approx 15% complete for SRR8223310.fastq
Approx 20% complete for SRR8223310.fastq
Approx 25% complete for SRR8223310.fastq
Approx 30% complete for SRR8223310.fastq
Approx 35% complete for SRR8223310.fastq
Approx 40% complete for SRR8223310.fastq
Approx 45% complete for SRR8223310.fastq
Approx 50% complete for SRR8223310.fastq
Approx 55% complete for SRR8223310.fastq
Approx 60% complete for SRR8223310.fastq
Approx 65% complete for SRR8223310.fastq
Approx 70% complete for SRR8223310.fastq
Approx 75% complete for SRR8223310.fastq
Approx 80% complete for SRR8223310.fastq
Approx 85% complete for SRR8223310.fastq
Approx 90% complete for SRR8223310.fastq
Approx 95% complete for SRR8223310.fastq
Analysis complete for SRR8223310.fastq



2024-08-13 18:53:23 : indexing SRR8223281.resultsAligned.sortedByCoord.out.bam 
2024-08-13 18:53:44 : indexing SRR8223282.resultsAligned.sortedByCoord.out.bam 
2024-08-13 18:54:16 : indexing SRR8223283.resultsAligned.sortedByCoord.out.bam 
2024-08-13 18:54:47 : indexing SRR8223284.resultsAligned.sortedByCoord.out.bam 
2024-08-13 18:55:09 : indexing SRR8223285.resultsAligned.sortedByCoord.out.bam 
2024-08-13 18:55:33 : indexing SRR8223286.resultsAligned.sortedByCoord.out.bam 
2024-08-13 18:56:03 : indexing SRR8223287.resultsAligned.sortedByCoord.out.bam 
2024-08-13 18:56:36 : indexing SRR8223288.resultsAligned.sortedByCoord.out.bam 
2024-08-13 18:57:03 : indexing SRR8223289.resultsAligned.sortedByCoord.out.bam 
2024-08-13 18:57:25 : indexing SRR8223290.resultsAligned.sortedByCoord.out.bam 
2024-08-13 18:57:49 : indexing SRR8223291.resultsAligned.sortedByCoord.out.bam 
2024-08-13 18:58:21 : indexing SRR8223292.resultsAligned.sortedByCoord.out.bam 
2024-08-13 18:58:56 : indexing SRR8223293.resultsAligned.sortedByCoord.out.bam 
2024-08-13 18:59:28 : indexing SRR8223294.resultsAligned.sortedByCoord.out.bam 
2024-08-13 18:59:54 : indexing SRR8223295.resultsAligned.sortedByCoord.out.bam 
2024-08-13 19:00:18 : indexing SRR8223296.resultsAligned.sortedByCoord.out.bam 
2024-08-13 19:00:48 : indexing SRR8223297.resultsAligned.sortedByCoord.out.bam 
2024-08-13 19:01:09 : indexing SRR8223298.resultsAligned.sortedByCoord.out.bam 
2024-08-13 19:01:29 : indexing SRR8223299.resultsAligned.sortedByCoord.out.bam 
2024-08-13 19:01:57 : indexing SRR8223300.resultsAligned.sortedByCoord.out.bam 
2024-08-13 19:02:28 : indexing SRR8223301.resultsAligned.sortedByCoord.out.bam 
2024-08-13 19:02:52 : indexing SRR8223302.resultsAligned.sortedByCoord.out.bam 
2024-08-13 19:03:25 : indexing SRR8223303.resultsAligned.sortedByCoord.out.bam 
2024-08-13 19:03:50 : indexing SRR8223304.resultsAligned.sortedByCoord.out.bam 
2024-08-13 19:04:08 : indexing SRR8223305.resultsAligned.sortedByCoord.out.bam 
2024-08-13 19:04:37 : indexing SRR8223306.resultsAligned.sortedByCoord.out.bam 
2024-08-13 19:05:10 : indexing SRR8223307.resultsAligned.sortedByCoord.out.bam 
2024-08-13 19:05:38 : indexing SRR8223308.resultsAligned.sortedByCoord.out.bam 
2024-08-13 19:05:59 : indexing SRR8223309.resultsAligned.sortedByCoord.out.bam 
2024-08-13 19:06:24 : indexing SRR8223310.resultsAligned.sortedByCoord.out.bam 



2024-08-13 19:06:53 : cleaning up.
2024-08-13 19:06:53 : moving star progress logs.
2024-08-13 19:06:54 : moving fastqc files.
2024-08-13 19:06:54 : moving bam and bai files.



2024-08-13 19:06:54 : ended job 
Runtime: 2:29:13
