start of script
 working on fasq1 23908X10_20240412_LH00227_0067_A22KHYJLT3_S27_L003_R1_001.fastq and fastq2 23908X10_20240412_LH00227_0067_A22KHYJLT3_S27_L003_R2_001.fastq
writing bam file 23908X10_20240412_LH00227_0067_A22KHYJLT3_S27_L003_R.results
	STAR --runThreadN 20 --genomeDir /uufs/chpc.utah.edu/common/home/holmen-group1/star_ms/starGRCm39 --readFilesIn 23908X10_20240412_LH00227_0067_A22KHYJLT3_S27_L003_R1_001.fastq 23908X10_20240412_LH00227_0067_A22KHYJLT3_S27_L003_R2_001.fastq --outSAMattributes Standard --outSAMtype BAM SortedByCoordinate --outFileNamePrefix 23908X10_20240412_LH00227_0067_A22KHYJLT3_S27_L003_R.results
	STAR version: 2.7.10a   compiled: 2022-07-20T09:12:46-06:00 notchpeak1:/uufs/chpc.utah.edu/sys/srcdir/STAR/STAR-2.7.10a/source
Apr 19 09:50:29 ..... started STAR run
Apr 19 09:50:29 ..... loading genome
Apr 19 09:51:29 ..... started mapping
Apr 19 09:57:40 ..... finished mapping
Apr 19 09:57:43 ..... started sorting BAM
Apr 19 09:58:25 ..... finished successfully
 working on fasq1 23908X11_20240412_LH00227_0067_A22KHYJLT3_S28_L003_R1_001.fastq and fastq2 23908X11_20240412_LH00227_0067_A22KHYJLT3_S28_L003_R2_001.fastq
writing bam file 23908X11_20240412_LH00227_0067_A22KHYJLT3_S28_L003_R.results
	STAR --runThreadN 20 --genomeDir /uufs/chpc.utah.edu/common/home/holmen-group1/star_ms/starGRCm39 --readFilesIn 23908X11_20240412_LH00227_0067_A22KHYJLT3_S28_L003_R1_001.fastq 23908X11_20240412_LH00227_0067_A22KHYJLT3_S28_L003_R2_001.fastq --outSAMattributes Standard --outSAMtype BAM SortedByCoordinate --outFileNamePrefix 23908X11_20240412_LH00227_0067_A22KHYJLT3_S28_L003_R.results
	STAR version: 2.7.10a   compiled: 2022-07-20T09:12:46-06:00 notchpeak1:/uufs/chpc.utah.edu/sys/srcdir/STAR/STAR-2.7.10a/source
Apr 19 09:58:28 ..... started STAR run
Apr 19 09:58:28 ..... loading genome
Apr 19 09:59:39 ..... started mapping
Apr 19 10:09:15 ..... finished mapping
Apr 19 10:09:18 ..... started sorting BAM
Apr 19 10:10:06 ..... finished successfully
 working on fasq1 23908X1_20240412_LH00227_0067_A22KHYJLT3_S18_L003_R1_001.fastq and fastq2 23908X1_20240412_LH00227_0067_A22KHYJLT3_S18_L003_R2_001.fastq
writing bam file 23908X1_20240412_LH00227_0067_A22KHYJLT3_S18_L003_R.results
	STAR --runThreadN 20 --genomeDir /uufs/chpc.utah.edu/common/home/holmen-group1/star_ms/starGRCm39 --readFilesIn 23908X1_20240412_LH00227_0067_A22KHYJLT3_S18_L003_R1_001.fastq 23908X1_20240412_LH00227_0067_A22KHYJLT3_S18_L003_R2_001.fastq --outSAMattributes Standard --outSAMtype BAM SortedByCoordinate --outFileNamePrefix 23908X1_20240412_LH00227_0067_A22KHYJLT3_S18_L003_R.results
	STAR version: 2.7.10a   compiled: 2022-07-20T09:12:46-06:00 notchpeak1:/uufs/chpc.utah.edu/sys/srcdir/STAR/STAR-2.7.10a/source
Apr 19 10:10:09 ..... started STAR run
Apr 19 10:10:09 ..... loading genome
Apr 19 10:11:23 ..... started mapping
Apr 19 10:18:48 ..... finished mapping
Apr 19 10:18:51 ..... started sorting BAM
Apr 19 10:19:40 ..... finished successfully
 working on fasq1 23908X12_20240412_LH00227_0067_A22KHYJLT3_S29_L003_R1_001.fastq and fastq2 23908X12_20240412_LH00227_0067_A22KHYJLT3_S29_L003_R2_001.fastq
writing bam file 23908X12_20240412_LH00227_0067_A22KHYJLT3_S29_L003_R.results
	STAR --runThreadN 20 --genomeDir /uufs/chpc.utah.edu/common/home/holmen-group1/star_ms/starGRCm39 --readFilesIn 23908X12_20240412_LH00227_0067_A22KHYJLT3_S29_L003_R1_001.fastq 23908X12_20240412_LH00227_0067_A22KHYJLT3_S29_L003_R2_001.fastq --outSAMattributes Standard --outSAMtype BAM SortedByCoordinate --outFileNamePrefix 23908X12_20240412_LH00227_0067_A22KHYJLT3_S29_L003_R.results
	STAR version: 2.7.10a   compiled: 2022-07-20T09:12:46-06:00 notchpeak1:/uufs/chpc.utah.edu/sys/srcdir/STAR/STAR-2.7.10a/source
Apr 19 10:19:42 ..... started STAR run
Apr 19 10:19:42 ..... loading genome
Apr 19 10:21:08 ..... started mapping
Apr 19 10:30:15 ..... finished mapping
Apr 19 10:30:18 ..... started sorting BAM
Apr 19 10:31:11 ..... finished successfully
 working on fasq1 23908X13_20240412_LH00227_0067_A22KHYJLT3_S30_L003_R1_001.fastq and fastq2 23908X13_20240412_LH00227_0067_A22KHYJLT3_S30_L003_R2_001.fastq
writing bam file 23908X13_20240412_LH00227_0067_A22KHYJLT3_S30_L003_R.results
	STAR --runThreadN 20 --genomeDir /uufs/chpc.utah.edu/common/home/holmen-group1/star_ms/starGRCm39 --readFilesIn 23908X13_20240412_LH00227_0067_A22KHYJLT3_S30_L003_R1_001.fastq 23908X13_20240412_LH00227_0067_A22KHYJLT3_S30_L003_R2_001.fastq --outSAMattributes Standard --outSAMtype BAM SortedByCoordinate --outFileNamePrefix 23908X13_20240412_LH00227_0067_A22KHYJLT3_S30_L003_R.results
	STAR version: 2.7.10a   compiled: 2022-07-20T09:12:46-06:00 notchpeak1:/uufs/chpc.utah.edu/sys/srcdir/STAR/STAR-2.7.10a/source
Apr 19 10:31:13 ..... started STAR run
Apr 19 10:31:14 ..... loading genome
Apr 19 10:32:39 ..... started mapping
Apr 19 10:42:01 ..... finished mapping
Apr 19 10:42:04 ..... started sorting BAM
Apr 19 10:43:21 ..... finished successfully
 working on fasq1 23908X14_20240412_LH00227_0067_A22KHYJLT3_S31_L003_R1_001.fastq and fastq2 23908X14_20240412_LH00227_0067_A22KHYJLT3_S31_L003_R2_001.fastq
writing bam file 23908X14_20240412_LH00227_0067_A22KHYJLT3_S31_L003_R.results
	STAR --runThreadN 20 --genomeDir /uufs/chpc.utah.edu/common/home/holmen-group1/star_ms/starGRCm39 --readFilesIn 23908X14_20240412_LH00227_0067_A22KHYJLT3_S31_L003_R1_001.fastq 23908X14_20240412_LH00227_0067_A22KHYJLT3_S31_L003_R2_001.fastq --outSAMattributes Standard --outSAMtype BAM SortedByCoordinate --outFileNamePrefix 23908X14_20240412_LH00227_0067_A22KHYJLT3_S31_L003_R.results
	STAR version: 2.7.10a   compiled: 2022-07-20T09:12:46-06:00 notchpeak1:/uufs/chpc.utah.edu/sys/srcdir/STAR/STAR-2.7.10a/source
Apr 19 10:43:25 ..... started STAR run
Apr 19 10:43:25 ..... loading genome
Apr 19 10:44:48 ..... started mapping
Apr 19 10:56:58 ..... finished mapping
Apr 19 10:57:00 ..... started sorting BAM
Apr 19 10:57:29 ..... finished successfully
 working on fasq1 23908X15_20240412_LH00227_0067_A22KHYJLT3_S32_L003_R1_001.fastq and fastq2 23908X15_20240412_LH00227_0067_A22KHYJLT3_S32_L003_R2_001.fastq
writing bam file 23908X15_20240412_LH00227_0067_A22KHYJLT3_S32_L003_R.results
	STAR --runThreadN 20 --genomeDir /uufs/chpc.utah.edu/common/home/holmen-group1/star_ms/starGRCm39 --readFilesIn 23908X15_20240412_LH00227_0067_A22KHYJLT3_S32_L003_R1_001.fastq 23908X15_20240412_LH00227_0067_A22KHYJLT3_S32_L003_R2_001.fastq --outSAMattributes Standard --outSAMtype BAM SortedByCoordinate --outFileNamePrefix 23908X15_20240412_LH00227_0067_A22KHYJLT3_S32_L003_R.results
	STAR version: 2.7.10a   compiled: 2022-07-20T09:12:46-06:00 notchpeak1:/uufs/chpc.utah.edu/sys/srcdir/STAR/STAR-2.7.10a/source
Apr 19 10:57:31 ..... started STAR run
Apr 19 10:57:31 ..... loading genome
Apr 19 10:59:12 ..... started mapping
Apr 19 11:24:13 ..... finished mapping
Apr 19 11:24:15 ..... started sorting BAM
Apr 19 11:24:16 ..... finished successfully
 working on fasq1 23908X16_20240412_LH00227_0067_A22KHYJLT3_S33_L003_R1_001.fastq and fastq2 23908X16_20240412_LH00227_0067_A22KHYJLT3_S33_L003_R2_001.fastq
writing bam file 23908X16_20240412_LH00227_0067_A22KHYJLT3_S33_L003_R.results
	STAR --runThreadN 20 --genomeDir /uufs/chpc.utah.edu/common/home/holmen-group1/star_ms/starGRCm39 --readFilesIn 23908X16_20240412_LH00227_0067_A22KHYJLT3_S33_L003_R1_001.fastq 23908X16_20240412_LH00227_0067_A22KHYJLT3_S33_L003_R2_001.fastq --outSAMattributes Standard --outSAMtype BAM SortedByCoordinate --outFileNamePrefix 23908X16_20240412_LH00227_0067_A22KHYJLT3_S33_L003_R.results
	STAR version: 2.7.10a   compiled: 2022-07-20T09:12:46-06:00 notchpeak1:/uufs/chpc.utah.edu/sys/srcdir/STAR/STAR-2.7.10a/source
Apr 19 11:24:17 ..... started STAR run
Apr 19 11:24:17 ..... loading genome
Apr 19 11:25:33 ..... started mapping
Apr 19 11:38:26 ..... finished mapping
Apr 19 11:38:28 ..... started sorting BAM
Apr 19 11:38:52 ..... finished successfully
 working on fasq1 23908X17_20240412_LH00227_0067_A22KHYJLT3_S34_L003_R1_001.fastq and fastq2 23908X17_20240412_LH00227_0067_A22KHYJLT3_S34_L003_R2_001.fastq
writing bam file 23908X17_20240412_LH00227_0067_A22KHYJLT3_S34_L003_R.results
	STAR --runThreadN 20 --genomeDir /uufs/chpc.utah.edu/common/home/holmen-group1/star_ms/starGRCm39 --readFilesIn 23908X17_20240412_LH00227_0067_A22KHYJLT3_S34_L003_R1_001.fastq 23908X17_20240412_LH00227_0067_A22KHYJLT3_S34_L003_R2_001.fastq --outSAMattributes Standard --outSAMtype BAM SortedByCoordinate --outFileNamePrefix 23908X17_20240412_LH00227_0067_A22KHYJLT3_S34_L003_R.results
	STAR version: 2.7.10a   compiled: 2022-07-20T09:12:46-06:00 notchpeak1:/uufs/chpc.utah.edu/sys/srcdir/STAR/STAR-2.7.10a/source
Apr 19 11:38:53 ..... started STAR run
Apr 19 11:38:53 ..... loading genome
Apr 19 11:40:11 ..... started mapping
Apr 19 11:50:57 ..... finished mapping
Apr 19 11:50:59 ..... started sorting BAM
Apr 19 11:51:57 ..... finished successfully
 working on fasq1 23908X18_20240412_LH00227_0067_A22KHYJLT3_S35_L003_R1_001.fastq and fastq2 23908X18_20240412_LH00227_0067_A22KHYJLT3_S35_L003_R2_001.fastq
writing bam file 23908X18_20240412_LH00227_0067_A22KHYJLT3_S35_L003_R.results
	STAR --runThreadN 20 --genomeDir /uufs/chpc.utah.edu/common/home/holmen-group1/star_ms/starGRCm39 --readFilesIn 23908X18_20240412_LH00227_0067_A22KHYJLT3_S35_L003_R1_001.fastq 23908X18_20240412_LH00227_0067_A22KHYJLT3_S35_L003_R2_001.fastq --outSAMattributes Standard --outSAMtype BAM SortedByCoordinate --outFileNamePrefix 23908X18_20240412_LH00227_0067_A22KHYJLT3_S35_L003_R.results
	STAR version: 2.7.10a   compiled: 2022-07-20T09:12:46-06:00 notchpeak1:/uufs/chpc.utah.edu/sys/srcdir/STAR/STAR-2.7.10a/source
Apr 19 11:52:00 ..... started STAR run
Apr 19 11:52:00 ..... loading genome
Apr 19 11:53:39 ..... started mapping
Apr 19 12:03:15 ..... finished mapping
Apr 19 12:03:18 ..... started sorting BAM
Apr 19 12:04:18 ..... finished successfully
 working on fasq1 23908X19_20240412_LH00227_0067_A22KHYJLT3_S36_L003_R1_001.fastq and fastq2 23908X19_20240412_LH00227_0067_A22KHYJLT3_S36_L003_R2_001.fastq
writing bam file 23908X19_20240412_LH00227_0067_A22KHYJLT3_S36_L003_R.results
	STAR --runThreadN 20 --genomeDir /uufs/chpc.utah.edu/common/home/holmen-group1/star_ms/starGRCm39 --readFilesIn 23908X19_20240412_LH00227_0067_A22KHYJLT3_S36_L003_R1_001.fastq 23908X19_20240412_LH00227_0067_A22KHYJLT3_S36_L003_R2_001.fastq --outSAMattributes Standard --outSAMtype BAM SortedByCoordinate --outFileNamePrefix 23908X19_20240412_LH00227_0067_A22KHYJLT3_S36_L003_R.results
	STAR version: 2.7.10a   compiled: 2022-07-20T09:12:46-06:00 notchpeak1:/uufs/chpc.utah.edu/sys/srcdir/STAR/STAR-2.7.10a/source
Apr 19 12:04:22 ..... started STAR run
Apr 19 12:04:22 ..... loading genome
Apr 19 12:05:37 ..... started mapping
Apr 19 12:16:18 ..... finished mapping
Apr 19 12:16:21 ..... started sorting BAM
Apr 19 12:17:22 ..... finished successfully
 working on fasq1 23908X20_20240412_LH00227_0067_A22KHYJLT3_S37_L003_R1_001.fastq and fastq2 23908X20_20240412_LH00227_0067_A22KHYJLT3_S37_L003_R2_001.fastq
writing bam file 23908X20_20240412_LH00227_0067_A22KHYJLT3_S37_L003_R.results
	STAR --runThreadN 20 --genomeDir /uufs/chpc.utah.edu/common/home/holmen-group1/star_ms/starGRCm39 --readFilesIn 23908X20_20240412_LH00227_0067_A22KHYJLT3_S37_L003_R1_001.fastq 23908X20_20240412_LH00227_0067_A22KHYJLT3_S37_L003_R2_001.fastq --outSAMattributes Standard --outSAMtype BAM SortedByCoordinate --outFileNamePrefix 23908X20_20240412_LH00227_0067_A22KHYJLT3_S37_L003_R.results
	STAR version: 2.7.10a   compiled: 2022-07-20T09:12:46-06:00 notchpeak1:/uufs/chpc.utah.edu/sys/srcdir/STAR/STAR-2.7.10a/source
Apr 19 12:17:25 ..... started STAR run
Apr 19 12:17:25 ..... loading genome
Apr 19 12:18:46 ..... started mapping
Apr 19 12:33:33 ..... finished mapping
Apr 19 12:33:35 ..... started sorting BAM
Apr 19 12:34:26 ..... finished successfully
 working on fasq1 23908X21_20240412_LH00227_0067_A22KHYJLT3_S38_L003_R1_001.fastq and fastq2 23908X21_20240412_LH00227_0067_A22KHYJLT3_S38_L003_R2_001.fastq
writing bam file 23908X21_20240412_LH00227_0067_A22KHYJLT3_S38_L003_R.results
	STAR --runThreadN 20 --genomeDir /uufs/chpc.utah.edu/common/home/holmen-group1/star_ms/starGRCm39 --readFilesIn 23908X21_20240412_LH00227_0067_A22KHYJLT3_S38_L003_R1_001.fastq 23908X21_20240412_LH00227_0067_A22KHYJLT3_S38_L003_R2_001.fastq --outSAMattributes Standard --outSAMtype BAM SortedByCoordinate --outFileNamePrefix 23908X21_20240412_LH00227_0067_A22KHYJLT3_S38_L003_R.results
	STAR version: 2.7.10a   compiled: 2022-07-20T09:12:46-06:00 notchpeak1:/uufs/chpc.utah.edu/sys/srcdir/STAR/STAR-2.7.10a/source
Apr 19 12:34:29 ..... started STAR run
Apr 19 12:34:29 ..... loading genome
Apr 19 12:35:39 ..... started mapping
Apr 19 13:07:51 ..... finished mapping
Apr 19 13:07:53 ..... started sorting BAM
Apr 19 13:08:16 ..... finished successfully
 working on fasq1 23908X2_20240412_LH00227_0067_A22KHYJLT3_S19_L003_R1_001.fastq and fastq2 23908X2_20240412_LH00227_0067_A22KHYJLT3_S19_L003_R2_001.fastq
writing bam file 23908X2_20240412_LH00227_0067_A22KHYJLT3_S19_L003_R.results
	STAR --runThreadN 20 --genomeDir /uufs/chpc.utah.edu/common/home/holmen-group1/star_ms/starGRCm39 --readFilesIn 23908X2_20240412_LH00227_0067_A22KHYJLT3_S19_L003_R1_001.fastq 23908X2_20240412_LH00227_0067_A22KHYJLT3_S19_L003_R2_001.fastq --outSAMattributes Standard --outSAMtype BAM SortedByCoordinate --outFileNamePrefix 23908X2_20240412_LH00227_0067_A22KHYJLT3_S19_L003_R.results
	STAR version: 2.7.10a   compiled: 2022-07-20T09:12:46-06:00 notchpeak1:/uufs/chpc.utah.edu/sys/srcdir/STAR/STAR-2.7.10a/source
Apr 19 13:08:17 ..... started STAR run
Apr 19 13:08:17 ..... loading genome
Apr 19 13:09:39 ..... started mapping
Apr 19 13:21:36 ..... finished mapping
Apr 19 13:21:39 ..... started sorting BAM
Apr 19 13:22:32 ..... finished successfully
 working on fasq1 23908X22_20240412_LH00227_0067_A22KHYJLT3_S39_L003_R1_001.fastq and fastq2 23908X22_20240412_LH00227_0067_A22KHYJLT3_S39_L003_R2_001.fastq
writing bam file 23908X22_20240412_LH00227_0067_A22KHYJLT3_S39_L003_R.results
	STAR --runThreadN 20 --genomeDir /uufs/chpc.utah.edu/common/home/holmen-group1/star_ms/starGRCm39 --readFilesIn 23908X22_20240412_LH00227_0067_A22KHYJLT3_S39_L003_R1_001.fastq 23908X22_20240412_LH00227_0067_A22KHYJLT3_S39_L003_R2_001.fastq --outSAMattributes Standard --outSAMtype BAM SortedByCoordinate --outFileNamePrefix 23908X22_20240412_LH00227_0067_A22KHYJLT3_S39_L003_R.results
	STAR version: 2.7.10a   compiled: 2022-07-20T09:12:46-06:00 notchpeak1:/uufs/chpc.utah.edu/sys/srcdir/STAR/STAR-2.7.10a/source
Apr 19 13:22:34 ..... started STAR run
Apr 19 13:22:35 ..... loading genome
Apr 19 13:23:48 ..... started mapping
Apr 19 13:34:11 ..... finished mapping
Apr 19 13:34:14 ..... started sorting BAM
Apr 19 13:35:09 ..... finished successfully
 working on fasq1 23908X23_20240412_LH00227_0067_A22KHYJLT3_S40_L003_R1_001.fastq and fastq2 23908X23_20240412_LH00227_0067_A22KHYJLT3_S40_L003_R2_001.fastq
writing bam file 23908X23_20240412_LH00227_0067_A22KHYJLT3_S40_L003_R.results
	STAR --runThreadN 20 --genomeDir /uufs/chpc.utah.edu/common/home/holmen-group1/star_ms/starGRCm39 --readFilesIn 23908X23_20240412_LH00227_0067_A22KHYJLT3_S40_L003_R1_001.fastq 23908X23_20240412_LH00227_0067_A22KHYJLT3_S40_L003_R2_001.fastq --outSAMattributes Standard --outSAMtype BAM SortedByCoordinate --outFileNamePrefix 23908X23_20240412_LH00227_0067_A22KHYJLT3_S40_L003_R.results
	STAR version: 2.7.10a   compiled: 2022-07-20T09:12:46-06:00 notchpeak1:/uufs/chpc.utah.edu/sys/srcdir/STAR/STAR-2.7.10a/source
Apr 19 13:35:12 ..... started STAR run
Apr 19 13:35:12 ..... loading genome
Apr 19 13:36:31 ..... started mapping
Apr 19 13:46:01 ..... finished mapping
Apr 19 13:46:04 ..... started sorting BAM
Apr 19 13:47:09 ..... finished successfully
 working on fasq1 23908X24_20240412_LH00227_0067_A22KHYJLT3_S41_L003_R1_001.fastq and fastq2 23908X24_20240412_LH00227_0067_A22KHYJLT3_S41_L003_R2_001.fastq
writing bam file 23908X24_20240412_LH00227_0067_A22KHYJLT3_S41_L003_R.results
	STAR --runThreadN 20 --genomeDir /uufs/chpc.utah.edu/common/home/holmen-group1/star_ms/starGRCm39 --readFilesIn 23908X24_20240412_LH00227_0067_A22KHYJLT3_S41_L003_R1_001.fastq 23908X24_20240412_LH00227_0067_A22KHYJLT3_S41_L003_R2_001.fastq --outSAMattributes Standard --outSAMtype BAM SortedByCoordinate --outFileNamePrefix 23908X24_20240412_LH00227_0067_A22KHYJLT3_S41_L003_R.results
	STAR version: 2.7.10a   compiled: 2022-07-20T09:12:46-06:00 notchpeak1:/uufs/chpc.utah.edu/sys/srcdir/STAR/STAR-2.7.10a/source
Apr 19 13:47:12 ..... started STAR run
Apr 19 13:47:12 ..... loading genome
Apr 19 13:48:34 ..... started mapping
Apr 19 13:57:17 ..... finished mapping
Apr 19 13:57:20 ..... started sorting BAM
Apr 19 13:58:21 ..... finished successfully
 working on fasq1 23908X25_20240412_LH00227_0067_A22KHYJLT3_S42_L003_R1_001.fastq and fastq2 23908X25_20240412_LH00227_0067_A22KHYJLT3_S42_L003_R2_001.fastq
writing bam file 23908X25_20240412_LH00227_0067_A22KHYJLT3_S42_L003_R.results
	STAR --runThreadN 20 --genomeDir /uufs/chpc.utah.edu/common/home/holmen-group1/star_ms/starGRCm39 --readFilesIn 23908X25_20240412_LH00227_0067_A22KHYJLT3_S42_L003_R1_001.fastq 23908X25_20240412_LH00227_0067_A22KHYJLT3_S42_L003_R2_001.fastq --outSAMattributes Standard --outSAMtype BAM SortedByCoordinate --outFileNamePrefix 23908X25_20240412_LH00227_0067_A22KHYJLT3_S42_L003_R.results
	STAR version: 2.7.10a   compiled: 2022-07-20T09:12:46-06:00 notchpeak1:/uufs/chpc.utah.edu/sys/srcdir/STAR/STAR-2.7.10a/source
Apr 19 13:58:24 ..... started STAR run
Apr 19 13:58:24 ..... loading genome
Apr 19 13:59:39 ..... started mapping
Apr 19 14:09:14 ..... finished mapping
Apr 19 14:09:17 ..... started sorting BAM
Apr 19 14:10:12 ..... finished successfully
 working on fasq1 23908X26_20240412_LH00227_0067_A22KHYJLT3_S43_L003_R1_001.fastq and fastq2 23908X26_20240412_LH00227_0067_A22KHYJLT3_S43_L003_R2_001.fastq
writing bam file 23908X26_20240412_LH00227_0067_A22KHYJLT3_S43_L003_R.results
	STAR --runThreadN 20 --genomeDir /uufs/chpc.utah.edu/common/home/holmen-group1/star_ms/starGRCm39 --readFilesIn 23908X26_20240412_LH00227_0067_A22KHYJLT3_S43_L003_R1_001.fastq 23908X26_20240412_LH00227_0067_A22KHYJLT3_S43_L003_R2_001.fastq --outSAMattributes Standard --outSAMtype BAM SortedByCoordinate --outFileNamePrefix 23908X26_20240412_LH00227_0067_A22KHYJLT3_S43_L003_R.results
	STAR version: 2.7.10a   compiled: 2022-07-20T09:12:46-06:00 notchpeak1:/uufs/chpc.utah.edu/sys/srcdir/STAR/STAR-2.7.10a/source
Apr 19 14:10:16 ..... started STAR run
Apr 19 14:10:16 ..... loading genome
Apr 19 14:11:30 ..... started mapping
Apr 19 14:19:48 ..... finished mapping
Apr 19 14:19:51 ..... started sorting BAM
Apr 19 14:20:37 ..... finished successfully
 working on fasq1 23908X27_20240412_LH00227_0067_A22KHYJLT3_S44_L003_R1_001.fastq and fastq2 23908X27_20240412_LH00227_0067_A22KHYJLT3_S44_L003_R2_001.fastq
writing bam file 23908X27_20240412_LH00227_0067_A22KHYJLT3_S44_L003_R.results
	STAR --runThreadN 20 --genomeDir /uufs/chpc.utah.edu/common/home/holmen-group1/star_ms/starGRCm39 --readFilesIn 23908X27_20240412_LH00227_0067_A22KHYJLT3_S44_L003_R1_001.fastq 23908X27_20240412_LH00227_0067_A22KHYJLT3_S44_L003_R2_001.fastq --outSAMattributes Standard --outSAMtype BAM SortedByCoordinate --outFileNamePrefix 23908X27_20240412_LH00227_0067_A22KHYJLT3_S44_L003_R.results
	STAR version: 2.7.10a   compiled: 2022-07-20T09:12:46-06:00 notchpeak1:/uufs/chpc.utah.edu/sys/srcdir/STAR/STAR-2.7.10a/source
Apr 19 14:20:40 ..... started STAR run
Apr 19 14:20:40 ..... loading genome
Apr 19 14:21:56 ..... started mapping
Apr 19 14:35:57 ..... finished mapping
Apr 19 14:36:00 ..... started sorting BAM
Apr 19 14:36:48 ..... finished successfully
 working on fasq1 23908X28_20240412_LH00227_0067_A22KHYJLT3_S45_L003_R1_001.fastq and fastq2 23908X28_20240412_LH00227_0067_A22KHYJLT3_S45_L003_R2_001.fastq
writing bam file 23908X28_20240412_LH00227_0067_A22KHYJLT3_S45_L003_R.results
	STAR --runThreadN 20 --genomeDir /uufs/chpc.utah.edu/common/home/holmen-group1/star_ms/starGRCm39 --readFilesIn 23908X28_20240412_LH00227_0067_A22KHYJLT3_S45_L003_R1_001.fastq 23908X28_20240412_LH00227_0067_A22KHYJLT3_S45_L003_R2_001.fastq --outSAMattributes Standard --outSAMtype BAM SortedByCoordinate --outFileNamePrefix 23908X28_20240412_LH00227_0067_A22KHYJLT3_S45_L003_R.results
	STAR version: 2.7.10a   compiled: 2022-07-20T09:12:46-06:00 notchpeak1:/uufs/chpc.utah.edu/sys/srcdir/STAR/STAR-2.7.10a/source
Apr 19 14:36:51 ..... started STAR run
Apr 19 14:36:51 ..... loading genome
Apr 19 14:37:36 ..... started mapping
Apr 19 14:45:24 ..... finished mapping
Apr 19 14:45:27 ..... started sorting BAM
Apr 19 14:46:06 ..... finished successfully
 working on fasq1 23908X29_20240412_LH00227_0067_A22KHYJLT3_S46_L003_R1_001.fastq and fastq2 23908X29_20240412_LH00227_0067_A22KHYJLT3_S46_L003_R2_001.fastq
writing bam file 23908X29_20240412_LH00227_0067_A22KHYJLT3_S46_L003_R.results
	STAR --runThreadN 20 --genomeDir /uufs/chpc.utah.edu/common/home/holmen-group1/star_ms/starGRCm39 --readFilesIn 23908X29_20240412_LH00227_0067_A22KHYJLT3_S46_L003_R1_001.fastq 23908X29_20240412_LH00227_0067_A22KHYJLT3_S46_L003_R2_001.fastq --outSAMattributes Standard --outSAMtype BAM SortedByCoordinate --outFileNamePrefix 23908X29_20240412_LH00227_0067_A22KHYJLT3_S46_L003_R.results
	STAR version: 2.7.10a   compiled: 2022-07-20T09:12:46-06:00 notchpeak1:/uufs/chpc.utah.edu/sys/srcdir/STAR/STAR-2.7.10a/source
Apr 19 14:46:09 ..... started STAR run
Apr 19 14:46:09 ..... loading genome
Apr 19 14:47:23 ..... started mapping
Apr 19 15:02:23 ..... finished mapping
Apr 19 15:02:26 ..... started sorting BAM
Apr 19 15:03:16 ..... finished successfully
 working on fasq1 23908X30_20240412_LH00227_0067_A22KHYJLT3_S47_L003_R1_001.fastq and fastq2 23908X30_20240412_LH00227_0067_A22KHYJLT3_S47_L003_R2_001.fastq
writing bam file 23908X30_20240412_LH00227_0067_A22KHYJLT3_S47_L003_R.results
	STAR --runThreadN 20 --genomeDir /uufs/chpc.utah.edu/common/home/holmen-group1/star_ms/starGRCm39 --readFilesIn 23908X30_20240412_LH00227_0067_A22KHYJLT3_S47_L003_R1_001.fastq 23908X30_20240412_LH00227_0067_A22KHYJLT3_S47_L003_R2_001.fastq --outSAMattributes Standard --outSAMtype BAM SortedByCoordinate --outFileNamePrefix 23908X30_20240412_LH00227_0067_A22KHYJLT3_S47_L003_R.results
	STAR version: 2.7.10a   compiled: 2022-07-20T09:12:46-06:00 notchpeak1:/uufs/chpc.utah.edu/sys/srcdir/STAR/STAR-2.7.10a/source
Apr 19 15:03:18 ..... started STAR run
Apr 19 15:03:18 ..... loading genome
Apr 19 15:04:33 ..... started mapping
Apr 19 15:12:35 ..... finished mapping
Apr 19 15:12:37 ..... started sorting BAM
Apr 19 15:13:31 ..... finished successfully
 working on fasq1 23908X31_20240412_LH00227_0067_A22KHYJLT3_S48_L003_R1_001.fastq and fastq2 23908X31_20240412_LH00227_0067_A22KHYJLT3_S48_L003_R2_001.fastq
writing bam file 23908X31_20240412_LH00227_0067_A22KHYJLT3_S48_L003_R.results
	STAR --runThreadN 20 --genomeDir /uufs/chpc.utah.edu/common/home/holmen-group1/star_ms/starGRCm39 --readFilesIn 23908X31_20240412_LH00227_0067_A22KHYJLT3_S48_L003_R1_001.fastq 23908X31_20240412_LH00227_0067_A22KHYJLT3_S48_L003_R2_001.fastq --outSAMattributes Standard --outSAMtype BAM SortedByCoordinate --outFileNamePrefix 23908X31_20240412_LH00227_0067_A22KHYJLT3_S48_L003_R.results
	STAR version: 2.7.10a   compiled: 2022-07-20T09:12:46-06:00 notchpeak1:/uufs/chpc.utah.edu/sys/srcdir/STAR/STAR-2.7.10a/source
Apr 19 15:13:34 ..... started STAR run
Apr 19 15:13:34 ..... loading genome
Apr 19 15:14:48 ..... started mapping
Apr 19 15:26:23 ..... finished mapping
Apr 19 15:26:26 ..... started sorting BAM
Apr 19 15:27:30 ..... finished successfully
 working on fasq1 23908X3_20240412_LH00227_0067_A22KHYJLT3_S20_L003_R1_001.fastq and fastq2 23908X3_20240412_LH00227_0067_A22KHYJLT3_S20_L003_R2_001.fastq
writing bam file 23908X3_20240412_LH00227_0067_A22KHYJLT3_S20_L003_R.results
	STAR --runThreadN 20 --genomeDir /uufs/chpc.utah.edu/common/home/holmen-group1/star_ms/starGRCm39 --readFilesIn 23908X3_20240412_LH00227_0067_A22KHYJLT3_S20_L003_R1_001.fastq 23908X3_20240412_LH00227_0067_A22KHYJLT3_S20_L003_R2_001.fastq --outSAMattributes Standard --outSAMtype BAM SortedByCoordinate --outFileNamePrefix 23908X3_20240412_LH00227_0067_A22KHYJLT3_S20_L003_R.results
	STAR version: 2.7.10a   compiled: 2022-07-20T09:12:46-06:00 notchpeak1:/uufs/chpc.utah.edu/sys/srcdir/STAR/STAR-2.7.10a/source
Apr 19 15:27:33 ..... started STAR run
Apr 19 15:27:33 ..... loading genome
Apr 19 15:28:38 ..... started mapping
Apr 19 15:35:07 ..... finished mapping
Apr 19 15:35:10 ..... started sorting BAM
Apr 19 15:35:33 ..... finished successfully
 working on fasq1 23908X4_20240412_LH00227_0067_A22KHYJLT3_S21_L003_R1_001.fastq and fastq2 23908X4_20240412_LH00227_0067_A22KHYJLT3_S21_L003_R2_001.fastq
writing bam file 23908X4_20240412_LH00227_0067_A22KHYJLT3_S21_L003_R.results
	STAR --runThreadN 20 --genomeDir /uufs/chpc.utah.edu/common/home/holmen-group1/star_ms/starGRCm39 --readFilesIn 23908X4_20240412_LH00227_0067_A22KHYJLT3_S21_L003_R1_001.fastq 23908X4_20240412_LH00227_0067_A22KHYJLT3_S21_L003_R2_001.fastq --outSAMattributes Standard --outSAMtype BAM SortedByCoordinate --outFileNamePrefix 23908X4_20240412_LH00227_0067_A22KHYJLT3_S21_L003_R.results
	STAR version: 2.7.10a   compiled: 2022-07-20T09:12:46-06:00 notchpeak1:/uufs/chpc.utah.edu/sys/srcdir/STAR/STAR-2.7.10a/source
Apr 19 15:35:34 ..... started STAR run
Apr 19 15:35:34 ..... loading genome
Apr 19 15:36:43 ..... started mapping
Apr 19 15:44:42 ..... finished mapping
Apr 19 15:44:44 ..... started sorting BAM
Apr 19 15:45:13 ..... finished successfully
 working on fasq1 23908X5_20240412_LH00227_0067_A22KHYJLT3_S22_L003_R1_001.fastq and fastq2 23908X5_20240412_LH00227_0067_A22KHYJLT3_S22_L003_R2_001.fastq
writing bam file 23908X5_20240412_LH00227_0067_A22KHYJLT3_S22_L003_R.results
	STAR --runThreadN 20 --genomeDir /uufs/chpc.utah.edu/common/home/holmen-group1/star_ms/starGRCm39 --readFilesIn 23908X5_20240412_LH00227_0067_A22KHYJLT3_S22_L003_R1_001.fastq 23908X5_20240412_LH00227_0067_A22KHYJLT3_S22_L003_R2_001.fastq --outSAMattributes Standard --outSAMtype BAM SortedByCoordinate --outFileNamePrefix 23908X5_20240412_LH00227_0067_A22KHYJLT3_S22_L003_R.results
	STAR version: 2.7.10a   compiled: 2022-07-20T09:12:46-06:00 notchpeak1:/uufs/chpc.utah.edu/sys/srcdir/STAR/STAR-2.7.10a/source
Apr 19 15:45:15 ..... started STAR run
Apr 19 15:45:15 ..... loading genome
Apr 19 15:46:21 ..... started mapping
Apr 19 15:53:58 ..... finished mapping
Apr 19 15:54:01 ..... started sorting BAM
Apr 19 15:54:35 ..... finished successfully
 working on fasq1 23908X6_20240412_LH00227_0067_A22KHYJLT3_S23_L003_R1_001.fastq and fastq2 23908X6_20240412_LH00227_0067_A22KHYJLT3_S23_L003_R2_001.fastq
writing bam file 23908X6_20240412_LH00227_0067_A22KHYJLT3_S23_L003_R.results
	STAR --runThreadN 20 --genomeDir /uufs/chpc.utah.edu/common/home/holmen-group1/star_ms/starGRCm39 --readFilesIn 23908X6_20240412_LH00227_0067_A22KHYJLT3_S23_L003_R1_001.fastq 23908X6_20240412_LH00227_0067_A22KHYJLT3_S23_L003_R2_001.fastq --outSAMattributes Standard --outSAMtype BAM SortedByCoordinate --outFileNamePrefix 23908X6_20240412_LH00227_0067_A22KHYJLT3_S23_L003_R.results
	STAR version: 2.7.10a   compiled: 2022-07-20T09:12:46-06:00 notchpeak1:/uufs/chpc.utah.edu/sys/srcdir/STAR/STAR-2.7.10a/source
Apr 19 15:54:38 ..... started STAR run
Apr 19 15:54:38 ..... loading genome
Apr 19 15:55:48 ..... started mapping
Apr 19 16:13:18 ..... finished mapping
Apr 19 16:13:21 ..... started sorting BAM
Apr 19 16:13:45 ..... finished successfully
 working on fasq1 23908X7_20240412_LH00227_0067_A22KHYJLT3_S24_L003_R1_001.fastq and fastq2 23908X7_20240412_LH00227_0067_A22KHYJLT3_S24_L003_R2_001.fastq
writing bam file 23908X7_20240412_LH00227_0067_A22KHYJLT3_S24_L003_R.results
	STAR --runThreadN 20 --genomeDir /uufs/chpc.utah.edu/common/home/holmen-group1/star_ms/starGRCm39 --readFilesIn 23908X7_20240412_LH00227_0067_A22KHYJLT3_S24_L003_R1_001.fastq 23908X7_20240412_LH00227_0067_A22KHYJLT3_S24_L003_R2_001.fastq --outSAMattributes Standard --outSAMtype BAM SortedByCoordinate --outFileNamePrefix 23908X7_20240412_LH00227_0067_A22KHYJLT3_S24_L003_R.results
	STAR version: 2.7.10a   compiled: 2022-07-20T09:12:46-06:00 notchpeak1:/uufs/chpc.utah.edu/sys/srcdir/STAR/STAR-2.7.10a/source
Apr 19 16:13:46 ..... started STAR run
Apr 19 16:13:46 ..... loading genome
Apr 19 16:14:58 ..... started mapping
Apr 19 16:38:53 ..... finished mapping
Apr 19 16:38:55 ..... started sorting BAM
Apr 19 16:39:02 ..... finished successfully
 working on fasq1 23908X8_20240412_LH00227_0067_A22KHYJLT3_S25_L003_R1_001.fastq and fastq2 23908X8_20240412_LH00227_0067_A22KHYJLT3_S25_L003_R2_001.fastq
writing bam file 23908X8_20240412_LH00227_0067_A22KHYJLT3_S25_L003_R.results
	STAR --runThreadN 20 --genomeDir /uufs/chpc.utah.edu/common/home/holmen-group1/star_ms/starGRCm39 --readFilesIn 23908X8_20240412_LH00227_0067_A22KHYJLT3_S25_L003_R1_001.fastq 23908X8_20240412_LH00227_0067_A22KHYJLT3_S25_L003_R2_001.fastq --outSAMattributes Standard --outSAMtype BAM SortedByCoordinate --outFileNamePrefix 23908X8_20240412_LH00227_0067_A22KHYJLT3_S25_L003_R.results
	STAR version: 2.7.10a   compiled: 2022-07-20T09:12:46-06:00 notchpeak1:/uufs/chpc.utah.edu/sys/srcdir/STAR/STAR-2.7.10a/source
Apr 19 16:39:03 ..... started STAR run
Apr 19 16:39:03 ..... loading genome
Apr 19 16:40:15 ..... started mapping
Apr 19 16:47:20 ..... finished mapping
Apr 19 16:47:23 ..... started sorting BAM
Apr 19 16:48:00 ..... finished successfully
 working on fasq1 23908X9_20240412_LH00227_0067_A22KHYJLT3_S26_L003_R1_001.fastq and fastq2 23908X9_20240412_LH00227_0067_A22KHYJLT3_S26_L003_R2_001.fastq
writing bam file 23908X9_20240412_LH00227_0067_A22KHYJLT3_S26_L003_R.results
	STAR --runThreadN 20 --genomeDir /uufs/chpc.utah.edu/common/home/holmen-group1/star_ms/starGRCm39 --readFilesIn 23908X9_20240412_LH00227_0067_A22KHYJLT3_S26_L003_R1_001.fastq 23908X9_20240412_LH00227_0067_A22KHYJLT3_S26_L003_R2_001.fastq --outSAMattributes Standard --outSAMtype BAM SortedByCoordinate --outFileNamePrefix 23908X9_20240412_LH00227_0067_A22KHYJLT3_S26_L003_R.results
	STAR version: 2.7.10a   compiled: 2022-07-20T09:12:46-06:00 notchpeak1:/uufs/chpc.utah.edu/sys/srcdir/STAR/STAR-2.7.10a/source
Apr 19 16:48:02 ..... started STAR run
Apr 19 16:48:02 ..... loading genome
Apr 19 16:49:18 ..... started mapping
Apr 19 16:55:50 ..... finished mapping
Apr 19 16:55:53 ..... started sorting BAM
Apr 19 16:56:27 ..... finished successfully
done with script :)
