2024-05-20 13:20:43 : started job 
2024-05-20 13:20:45 : merging ./23908R1/bams/23908X01_20240412_LH00227_0067_A22KHYJLT3_S18_L003_R.resultsAligned.sortedByCoord.out.bam and ./23908R2/bams/23908X01_20240515_LH00227_0077_B22KK5WLT3_S58_L008.resultsAligned.sortedByCoord.out.bam
2024-05-20 13:20:45 : writing to ./23908R_merged/23908X01_merged.bam


2024-05-20 13:23:24 : indexing ./23908R_merged/23908X01_merged.bam






2024-05-20 13:25:05 : done
2024-05-20 13:25:05 : merging ./23908R1/bams/23908X02_20240412_LH00227_0067_A22KHYJLT3_S19_L003_R.resultsAligned.sortedByCoord.out.bam and ./23908R2/bams/23908X02_20240515_LH00227_0077_B22KK5WLT3_S59_L008.resultsAligned.sortedByCoord.out.bam
2024-05-20 13:25:05 : writing to ./23908R_merged/23908X02_merged.bam


2024-05-20 13:27:36 : indexing ./23908R_merged/23908X02_merged.bam






2024-05-20 13:29:10 : done
2024-05-20 13:29:10 : merging ./23908R1/bams/23908X03_20240412_LH00227_0067_A22KHYJLT3_S20_L003_R.resultsAligned.sortedByCoord.out.bam and ./23908R2/bams/23908X03_20240515_LH00227_0077_B22KK5WLT3_S60_L008.resultsAligned.sortedByCoord.out.bam
2024-05-20 13:29:10 : writing to ./23908R_merged/23908X03_merged.bam


2024-05-20 13:30:51 : indexing ./23908R_merged/23908X03_merged.bam






2024-05-20 13:31:54 : done
2024-05-20 13:31:54 : merging ./23908R1/bams/23908X04_20240412_LH00227_0067_A22KHYJLT3_S21_L003_R.resultsAligned.sortedByCoord.out.bam and ./23908R2/bams/23908X04_20240515_LH00227_0077_B22KK5WLT3_S61_L008.resultsAligned.sortedByCoord.out.bam
2024-05-20 13:31:54 : writing to ./23908R_merged/23908X04_merged.bam


2024-05-20 13:34:06 : indexing ./23908R_merged/23908X04_merged.bam






2024-05-20 13:35:27 : done
2024-05-20 13:35:27 : merging ./23908R1/bams/23908X05_20240412_LH00227_0067_A22KHYJLT3_S22_L003_R.resultsAligned.sortedByCoord.out.bam and ./23908R2/bams/23908X05_20240515_LH00227_0077_B22KK5WLT3_S62_L008.resultsAligned.sortedByCoord.out.bam
2024-05-20 13:35:27 : writing to ./23908R_merged/23908X05_merged.bam


2024-05-20 13:38:01 : indexing ./23908R_merged/23908X05_merged.bam






2024-05-20 13:39:38 : done
2024-05-20 13:39:38 : merging ./23908R1/bams/23908X06_20240412_LH00227_0067_A22KHYJLT3_S23_L003_R.resultsAligned.sortedByCoord.out.bam and ./23908R2/bams/23908X06_20240515_LH00227_0077_B22KK5WLT3_S63_L008.resultsAligned.sortedByCoord.out.bam
2024-05-20 13:39:38 : writing to ./23908R_merged/23908X06_merged.bam


2024-05-20 13:40:48 : indexing ./23908R_merged/23908X06_merged.bam






2024-05-20 13:41:33 : done
2024-05-20 13:41:33 : merging ./23908R1/bams/23908X07_20240412_LH00227_0067_A22KHYJLT3_S24_L003_R.resultsAligned.sortedByCoord.out.bam and ./23908R2/bams/23908X07_20240515_LH00227_0077_B22KK5WLT3_S64_L008.resultsAligned.sortedByCoord.out.bam
2024-05-20 13:41:33 : writing to ./23908R_merged/23908X07_merged.bam


2024-05-20 13:41:59 : indexing ./23908R_merged/23908X07_merged.bam






2024-05-20 13:42:16 : done
2024-05-20 13:42:16 : merging ./23908R1/bams/23908X08_20240412_LH00227_0067_A22KHYJLT3_S25_L003_R.resultsAligned.sortedByCoord.out.bam and ./23908R2/bams/23908X08_20240515_LH00227_0077_B22KK5WLT3_S65_L008.resultsAligned.sortedByCoord.out.bam
2024-05-20 13:42:16 : writing to ./23908R_merged/23908X08_merged.bam


2024-05-20 13:44:58 : indexing ./23908R_merged/23908X08_merged.bam






2024-05-20 13:46:40 : done
2024-05-20 13:46:40 : merging ./23908R1/bams/23908X09_20240412_LH00227_0067_A22KHYJLT3_S26_L003_R.resultsAligned.sortedByCoord.out.bam and ./23908R2/bams/23908X09_20240515_LH00227_0077_B22KK5WLT3_S66_L008.resultsAligned.sortedByCoord.out.bam
2024-05-20 13:46:40 : writing to ./23908R_merged/23908X09_merged.bam


2024-05-20 13:49:14 : indexing ./23908R_merged/23908X09_merged.bam






2024-05-20 13:50:50 : done
2024-05-20 13:50:50 : merging ./23908R1/bams/23908X10_20240412_LH00227_0067_A22KHYJLT3_S27_L003_R.resultsAligned.sortedByCoord.out.bam and ./23908R2/bams/23908X10_20240412_LH00227_0067_A22KHYJLT3_S27_L003.resultsAligned.sortedByCoord.out.bam
2024-05-20 13:50:50 : writing to ./23908R_merged/23908X10_merged.bam


2024-05-20 13:52:55 : indexing ./23908R_merged/23908X10_merged.bam






2024-05-20 13:54:04 : done
2024-05-20 13:54:04 : merging ./23908R1/bams/23908X11_20240412_LH00227_0067_A22KHYJLT3_S28_L003_R.resultsAligned.sortedByCoord.out.bam and ./23908R2/bams/23908X11_20240515_LH00227_0077_B22KK5WLT3_S68_L008.resultsAligned.sortedByCoord.out.bam
2024-05-20 13:54:04 : writing to ./23908R_merged/23908X11_merged.bam


2024-05-20 13:56:46 : indexing ./23908R_merged/23908X11_merged.bam






2024-05-20 13:58:28 : done
2024-05-20 13:58:28 : merging ./23908R1/bams/23908X12_20240412_LH00227_0067_A22KHYJLT3_S29_L003_R.resultsAligned.sortedByCoord.out.bam and ./23908R2/bams/23908X12_20240515_LH00227_0077_B22KK5WLT3_S69_L008.resultsAligned.sortedByCoord.out.bam
2024-05-20 13:58:28 : writing to ./23908R_merged/23908X12_merged.bam


2024-05-20 14:01:04 : indexing ./23908R_merged/23908X12_merged.bam






2024-05-20 14:02:41 : done
2024-05-20 14:02:41 : merging ./23908R1/bams/23908X13_20240412_LH00227_0067_A22KHYJLT3_S30_L003_R.resultsAligned.sortedByCoord.out.bam and ./23908R2/bams/23908X13_20240515_LH00227_0077_B22KK5WLT3_S70_L008.resultsAligned.sortedByCoord.out.bam
2024-05-20 14:02:41 : writing to ./23908R_merged/23908X13_merged.bam


2024-05-20 14:05:46 : indexing ./23908R_merged/23908X13_merged.bam






2024-05-20 14:07:40 : done
2024-05-20 14:07:40 : merging ./23908R1/bams/23908X14_20240412_LH00227_0067_A22KHYJLT3_S31_L003_R.resultsAligned.sortedByCoord.out.bam and ./23908R2/bams/23908X14_20240515_LH00227_0077_B22KK5WLT3_S71_L008.resultsAligned.sortedByCoord.out.bam
2024-05-20 14:07:40 : writing to ./23908R_merged/23908X14_merged.bam


2024-05-20 14:08:56 : indexing ./23908R_merged/23908X14_merged.bam






2024-05-20 14:09:43 : done
2024-05-20 14:09:43 : merging ./23908R1/bams/23908X15_20240412_LH00227_0067_A22KHYJLT3_S32_L003_R.resultsAligned.sortedByCoord.out.bam and ./23908R2/bams/23908X15_20240515_LH00227_0077_B22KK5WLT3_S72_L008.resultsAligned.sortedByCoord.out.bam
2024-05-20 14:09:43 : writing to ./23908R_merged/23908X15_merged.bam


2024-05-20 14:09:50 : indexing ./23908R_merged/23908X15_merged.bam






2024-05-20 14:09:55 : done
2024-05-20 14:09:55 : merging ./23908R1/bams/23908X16_20240412_LH00227_0067_A22KHYJLT3_S33_L003_R.resultsAligned.sortedByCoord.out.bam and ./23908R2/bams/23908X16_20240515_LH00227_0077_B22KK5WLT3_S73_L008.resultsAligned.sortedByCoord.out.bam
2024-05-20 14:09:55 : writing to ./23908R_merged/23908X16_merged.bam
slurmstepd: error: *** JOB 6548245 ON lp113 CANCELLED AT 2024-05-20T14:10:07 ***
