2024-11-04 16:13:25 : started job 



2024-11-04 16:13:41 : Processing file 23908X07_merged - step 1
2024-11-04 16:13:41 : Indexing 23908X07_merged_region.bam
2024-11-04 16:13:41 : Processing file 23908X07_merged - step 2
[mpileup] 1 samples in 1 input files
11	79275001	C	10	.,,,,,,,,<	qqqqqqqqqI
11	79275002	T	10	.,,,,,,,,<	qqqqqqqqqI
11	79275003	T	10	.,,,,,,,,<	qqqqqqaqqI
11	79275004	C	10	.,,,,,,,,<	qqqaqqqqqI
11	79275005	C	10	.,,,,,,,,<	qqqqqqqqqI
11	79275006	A	10	.,,,,,,,,<	qqqaqqqqqI
11	79275007	A	10	.,,,,,,,,<	qqqqqqqqqI
11	79275008	T	10	.,,,,,,,.<	qqqqqqqqAI
11	79275009	A	10	.,,,,,,,,<	qqqqqqqqqI
11	79275010	A	10	.,,,,,,,,<	qqqqqqqqqI
11	79275011	A	10	.,,,,,,,,<	qqqqqqqqqI
11	79275012	G	10	.,,,,,,,,<	qqqaqqqqqI
11	79275013	A	10	.,,,,,,,,<	qqqqqqqqqI
11	79275014	C	10	.,,,,,,,,<	qqqqqqqqqI
11	79275015	A	10	.,,,,,,,,<	qqqqqqqqqI
11	79275016	G	10	.,,,,,,,,<	qqqqqqqqqI
11	79275017	G	10	.,,,,,,,,<	qqqUqqqqqI
11	79275018	A	10	.,,,,,,,,<	qqqqqqqqqI
11	79275019	C	10	.,,,,,,,,<	qqqqqqqqqI
11	79275020	A	10	.,,,,,,,,<	qqqqqqqqqI
11	79275021	G	10	.,,,,,,,,<	qqqqqqqqqI
11	79275022	C	10	.,,,,,,,,<	qqqqqqqqqI
11	79275023	A	10	.,,,,,,,,<	qqqqqqqqqI
11	79275024	G	10	.,,,,,,,,<	qqqqqqqqqI
11	79275025	A	10	.,,,,,,,,<	qqqqqqqqqI
11	79275026	A	10	.,,,,,,,,<	qqqqqqqqqI
11	79275027	C	10	.,,,,,,,,<	qqqqqqqqqI
11	79275028	A	10	.,,,,,,,,<	qqqqqqqqqI
11	79275029	C	10	.,,,,,,,,<	qqqqqqqqqI
11	79275030	A	10	.,,,,,,,,<	qqqqqqqqqI
11	79275031	C	10	.,,,,,,,,<	qqqaqqqqqI
11	79275032	A	10	.,,,,,,,,<	qqqqqqqqqI
11	79275033	T	10	.,,,,,,,,<	qqaqqqqqqI
11	79275034	A	10	.,,,,,,,,<	qqqqqqqqqI
11	79275035	C	10	.,,,,,,,,<	qqqqqqqqqI
11	79275036	C	10	.,,,,,,,,<	qqqqqqqqqI
11	79275037	A	10	.,,,,,,,,<	qqqqqqqqqI
11	79275038	A	10	.$,$,$,$,$,$,$,$,$<	qqaaqqqqqI
11	79275039	A	1	<	I
11	79275040	G	1	<	I
11	79275041	T	1	<	I
11	79275042	C	1	<	I
11	79275043	A	1	<	I
11	79275044	G	1	<	I
11	79275045	C	1	<	I
11	79275046	A	1	<	I
11	79275047	C	1	<	I
11	79275048	C	1	<	I
11	79275049	G	1	<	I
11	79275050	A	1	<	I
11	79275051	G	1	<	I
11	79275052	C	1	<	I
11	79275053	A	1	<	I
11	79275054	C	1	<	I
11	79275055	A	1	<	I
11	79275056	A	1	<	I
11	79275057	C	1	<	I
11	79275058	A	1	<	I
11	79275059	A	1	<	I
11	79275060	G	1	<	I
11	79275061	G	1	<	I
11	79275062	A	1	<	I
11	79275063	G	1	<	I
11	79275064	T	1	<	I
11	79275065	G	1	<	I
11	79275066	T	1	<	I
11	79275067	C	1	<	I
11	79275068	T	1	<	I
11	79275069	G	1	<	I
11	79275070	A	1	<	I
11	79275071	T	1	<	I
11	79275072	C	1	<	I
11	79275073	A	1	<	I
11	79275074	A	1	<	I
11	79275075	C	1	<	I
11	79275076	A	1	<	I
11	79275077	T	1	<	I
11	79275078	T	1	<	I
11	79275079	T	1	<	I
11	79275080	C	1	<	I
11	79275081	C	1	<	I
11	79275082	A	1	<	I
11	79275083	A	1	<	I
11	79275084	A	1	<	I
11	79275085	T	1	<	I
11	79275086	A	1	<	I
11	79275087	C	1	<	I
11	79275088	A	1	<	I
11	79275089	A	1	<	I
11	79275090	G	1	<	I
11	79275091	T	1	<	I
11	79275092	T	1	<	I
11	79275093	T	1	<	I
11	79275094	T	1	<	I
11	79275095	C	1	<	I
11	79275096	T	1	<	I
11	79275097	C	1	<	I
11	79275098	T	1	<	I
11	79275099	G	1	<	I
11	79275100	G	1	<	I
11	79275101	T	1	<	I
11	79275102	C	1	<	I
11	79275103	A	1	<	I
11	79275104	T	1	<	I
11	79275105	C	1	<	I
11	79275106	A	1	<	I
11	79275107	G	1	<	I
11	79275108	T	1	<	I
11	79275109	G	1	<	I
11	79275110	G	1	<	I
11	79275111	G	1	<	I
11	79275112	C	1	<	I
11	79275113	T	1	<	I
11	79275114	C	1	<	I
11	79275115	A	1	<	I
11	79275116	C	1	<	I
11	79275117	C	1	<	I
11	79275118	A	1	<	I
11	79275119	C	1	<	I
11	79275120	C	1	<	I
11	79275121	A	1	<	I
11	79275122	T	1	<	I
11	79275123	C	1	<	I
11	79275124	C	1	<	I
11	79275125	T	1	<	I
11	79275126	A	1	<	I
11	79275127	A	1	<	I
11	79275128	A	1	<	I
11	79275129	G	1	<	I
11	79275130	A	1	<	I
11	79275131	A	1	<	I
11	79275132	T	1	<	I
11	79275133	G	1	<	I
11	79275134	T	1	<	I
11	79275135	T	1	<	I
11	79275136	A	1	<	I
11	79275137	A	1	<	I
11	79275138	C	1	<	I
11	79275139	A	1	<	I
11	79275140	A	1	<	I
11	79275141	T	1	<	I
11	79275142	A	1	<	I
11	79275143	T	1	<	I
11	79275144	G	1	<	I
2024-11-04 16:13:42 : BCFtoolscall
Note: none of --samples-file, --ploidy or --ploidy-file given, assuming all sites are diploid
Failed to read from standard input: unknown file type
2024-11-04 16:13:42 : Finished processing 23908X07_merged

All BAM files have been processed.



2024-11-04 16:13:42 : ended job 
Runtime: 0:0:17
