2024-05-19 07:35:34 : started job 
2024-05-19 07:35:37 : re-compressing *.fastq 
pigz: skipping: *.fastq does not exist



2024-05-19 07:35:37 : started uncompressing /uufs/chpc.utah.edu/common/home/holmen-group1/otrimskig/exp_data/23908R3/Fastq/23908X10_20240412_LH00227_0067_A22KHYJLT3_S27_L003_R1_001.fastq.gz
2024-05-19 07:38:11 : started uncompressing /uufs/chpc.utah.edu/common/home/holmen-group1/otrimskig/exp_data/23908R3/Fastq/23908X10_20240412_LH00227_0067_A22KHYJLT3_S27_L003_R2_001.fastq.gz
2024-05-19 07:40:46 : finished uncompressing. moving on to STAR.

2024-05-19 07:40:46 : Processing files:
R1: /uufs/chpc.utah.edu/common/home/holmen-group1/otrimskig/exp_data/23908R3/Fastq/23908X10_20240412_LH00227_0067_A22KHYJLT3_S27_L003_R1_001.fastq
R2: /uufs/chpc.utah.edu/common/home/holmen-group1/otrimskig/exp_data/23908R3/Fastq/23908X10_20240412_LH00227_0067_A22KHYJLT3_S27_L003_R2_001.fastq
Output will be written to: 23908X10_20240412_LH00227_0067_A22KHYJLT3_S27_L003.results
	STAR --runThreadN 40 --genomeDir /uufs/chpc.utah.edu/common/home/holmen-group1/star_ms/starGRCm39 --readFilesIn /uufs/chpc.utah.edu/common/home/holmen-group1/otrimskig/exp_data/23908R3/Fastq/23908X10_20240412_LH00227_0067_A22KHYJLT3_S27_L003_R1_001.fastq /uufs/chpc.utah.edu/common/home/holmen-group1/otrimskig/exp_data/23908R3/Fastq/23908X10_20240412_LH00227_0067_A22KHYJLT3_S27_L003_R2_001.fastq --outSAMattributes Standard --outSAMtype BAM SortedByCoordinate --outFileNamePrefix 23908X10_20240412_LH00227_0067_A22KHYJLT3_S27_L003.results
	STAR version: 2.7.10a   compiled: 2022-07-20T09:12:46-06:00 notchpeak1:/uufs/chpc.utah.edu/sys/srcdir/STAR/STAR-2.7.10a/source
May 19 07:40:46 ..... started STAR run
May 19 07:40:46 ..... loading genome
May 19 07:44:34 ..... started mapping
May 19 07:50:10 ..... finished mapping
May 19 07:50:13 ..... started sorting BAM
May 19 07:52:16 ..... finished successfully
2024-05-19 07:52:18 : Finished writing 23908X10_20240412_LH00227_0067_A22KHYJLT3_S27_L003.results.bam

2024-05-19 07:52:18 : performing fastQC on 23908X10_20240412_LH00227_0067_A22KHYJLT3_S27_L003_R1_001.fastq 
text/plain
Started analysis of 23908X10_20240412_LH00227_0067_A22KHYJLT3_S27_L003_R1_001.fastq
Approx 5% complete for 23908X10_20240412_LH00227_0067_A22KHYJLT3_S27_L003_R1_001.fastq
Approx 10% complete for 23908X10_20240412_LH00227_0067_A22KHYJLT3_S27_L003_R1_001.fastq
Approx 15% complete for 23908X10_20240412_LH00227_0067_A22KHYJLT3_S27_L003_R1_001.fastq
Approx 20% complete for 23908X10_20240412_LH00227_0067_A22KHYJLT3_S27_L003_R1_001.fastq
Approx 25% complete for 23908X10_20240412_LH00227_0067_A22KHYJLT3_S27_L003_R1_001.fastq
Approx 30% complete for 23908X10_20240412_LH00227_0067_A22KHYJLT3_S27_L003_R1_001.fastq
Approx 35% complete for 23908X10_20240412_LH00227_0067_A22KHYJLT3_S27_L003_R1_001.fastq
Approx 40% complete for 23908X10_20240412_LH00227_0067_A22KHYJLT3_S27_L003_R1_001.fastq
Approx 45% complete for 23908X10_20240412_LH00227_0067_A22KHYJLT3_S27_L003_R1_001.fastq
Approx 50% complete for 23908X10_20240412_LH00227_0067_A22KHYJLT3_S27_L003_R1_001.fastq
Approx 55% complete for 23908X10_20240412_LH00227_0067_A22KHYJLT3_S27_L003_R1_001.fastq
Approx 60% complete for 23908X10_20240412_LH00227_0067_A22KHYJLT3_S27_L003_R1_001.fastq
Approx 65% complete for 23908X10_20240412_LH00227_0067_A22KHYJLT3_S27_L003_R1_001.fastq
Approx 70% complete for 23908X10_20240412_LH00227_0067_A22KHYJLT3_S27_L003_R1_001.fastq
Approx 75% complete for 23908X10_20240412_LH00227_0067_A22KHYJLT3_S27_L003_R1_001.fastq
Approx 80% complete for 23908X10_20240412_LH00227_0067_A22KHYJLT3_S27_L003_R1_001.fastq
Approx 85% complete for 23908X10_20240412_LH00227_0067_A22KHYJLT3_S27_L003_R1_001.fastq
Approx 90% complete for 23908X10_20240412_LH00227_0067_A22KHYJLT3_S27_L003_R1_001.fastq
Approx 95% complete for 23908X10_20240412_LH00227_0067_A22KHYJLT3_S27_L003_R1_001.fastq
Analysis complete for 23908X10_20240412_LH00227_0067_A22KHYJLT3_S27_L003_R1_001.fastq
2024-05-19 07:55:55 : started compression of 23908X10_20240412_LH00227_0067_A22KHYJLT3_S27_L003_R1_001.fastq 
2024-05-19 07:56:44 : finished compressing.
2024-05-19 07:56:44 : performing fastQC on 23908X10_20240412_LH00227_0067_A22KHYJLT3_S27_L003_R2_001.fastq 
text/plain
Started analysis of 23908X10_20240412_LH00227_0067_A22KHYJLT3_S27_L003_R2_001.fastq
Approx 5% complete for 23908X10_20240412_LH00227_0067_A22KHYJLT3_S27_L003_R2_001.fastq
Approx 10% complete for 23908X10_20240412_LH00227_0067_A22KHYJLT3_S27_L003_R2_001.fastq
Approx 15% complete for 23908X10_20240412_LH00227_0067_A22KHYJLT3_S27_L003_R2_001.fastq
Approx 20% complete for 23908X10_20240412_LH00227_0067_A22KHYJLT3_S27_L003_R2_001.fastq
Approx 25% complete for 23908X10_20240412_LH00227_0067_A22KHYJLT3_S27_L003_R2_001.fastq
Approx 30% complete for 23908X10_20240412_LH00227_0067_A22KHYJLT3_S27_L003_R2_001.fastq
Approx 35% complete for 23908X10_20240412_LH00227_0067_A22KHYJLT3_S27_L003_R2_001.fastq
Approx 40% complete for 23908X10_20240412_LH00227_0067_A22KHYJLT3_S27_L003_R2_001.fastq
Approx 45% complete for 23908X10_20240412_LH00227_0067_A22KHYJLT3_S27_L003_R2_001.fastq
Approx 50% complete for 23908X10_20240412_LH00227_0067_A22KHYJLT3_S27_L003_R2_001.fastq
Approx 55% complete for 23908X10_20240412_LH00227_0067_A22KHYJLT3_S27_L003_R2_001.fastq
Approx 60% complete for 23908X10_20240412_LH00227_0067_A22KHYJLT3_S27_L003_R2_001.fastq
Approx 65% complete for 23908X10_20240412_LH00227_0067_A22KHYJLT3_S27_L003_R2_001.fastq
Approx 70% complete for 23908X10_20240412_LH00227_0067_A22KHYJLT3_S27_L003_R2_001.fastq
Approx 75% complete for 23908X10_20240412_LH00227_0067_A22KHYJLT3_S27_L003_R2_001.fastq
Approx 80% complete for 23908X10_20240412_LH00227_0067_A22KHYJLT3_S27_L003_R2_001.fastq
Approx 85% complete for 23908X10_20240412_LH00227_0067_A22KHYJLT3_S27_L003_R2_001.fastq
Approx 90% complete for 23908X10_20240412_LH00227_0067_A22KHYJLT3_S27_L003_R2_001.fastq
Approx 95% complete for 23908X10_20240412_LH00227_0067_A22KHYJLT3_S27_L003_R2_001.fastq
Analysis complete for 23908X10_20240412_LH00227_0067_A22KHYJLT3_S27_L003_R2_001.fastq
2024-05-19 08:00:23 : started compression of 23908X10_20240412_LH00227_0067_A22KHYJLT3_S27_L003_R2_001.fastq 
2024-05-19 08:01:13 : finished compressing.
mv: cannot stat 'file': No such file or directory
mv: cannot stat 'file': No such file or directory
mv: cannot stat 'file': No such file or directory
mv: cannot stat 'file': No such file or directory



2024-05-19 08:01:13 : ended job 
Runtime: 0:25:39
