2024-05-20 14:59:42 : started job 


array task ID: 1
sample_number: 23908X16
directory 1: /uufs/chpc.utah.edu/common/home/holmen-group1/otrimskig/exp_data/23908R1/bams/
directory 2: /uufs/chpc.utah.edu/common/home/holmen-group1/otrimskig/exp_data/23908R2/bams/



23908X01_20240412_LH00227_0067_A22KHYJLT3_S18_L003_R.resultsAligned.sortedByCoord.out.bam
23908X01_20240412_LH00227_0067_A22KHYJLT3_S18_L003_R.resultsAligned.sortedByCoord.out.bam.bai
23908X02_20240412_LH00227_0067_A22KHYJLT3_S19_L003_R.resultsAligned.sortedByCoord.out.bam
23908X02_20240412_LH00227_0067_A22KHYJLT3_S19_L003_R.resultsAligned.sortedByCoord.out.bam.bai
23908X03_20240412_LH00227_0067_A22KHYJLT3_S20_L003_R.resultsAligned.sortedByCoord.out.bam
23908X03_20240412_LH00227_0067_A22KHYJLT3_S20_L003_R.resultsAligned.sortedByCoord.out.bam.bai
23908X04_20240412_LH00227_0067_A22KHYJLT3_S21_L003_R.resultsAligned.sortedByCoord.out.bam
23908X04_20240412_LH00227_0067_A22KHYJLT3_S21_L003_R.resultsAligned.sortedByCoord.out.bam.bai
23908X05_20240412_LH00227_0067_A22KHYJLT3_S22_L003_R.resultsAligned.sortedByCoord.out.bam
23908X05_20240412_LH00227_0067_A22KHYJLT3_S22_L003_R.resultsAligned.sortedByCoord.out.bam.bai
23908X06_20240412_LH00227_0067_A22KHYJLT3_S23_L003_R.resultsAligned.sortedByCoord.out.bam
23908X06_20240412_LH00227_0067_A22KHYJLT3_S23_L003_R.resultsAligned.sortedByCoord.out.bam.bai
23908X07_20240412_LH00227_0067_A22KHYJLT3_S24_L003_R.resultsAligned.sortedByCoord.out.bam
23908X07_20240412_LH00227_0067_A22KHYJLT3_S24_L003_R.resultsAligned.sortedByCoord.out.bam.bai
23908X08_20240412_LH00227_0067_A22KHYJLT3_S25_L003_R.resultsAligned.sortedByCoord.out.bam
23908X08_20240412_LH00227_0067_A22KHYJLT3_S25_L003_R.resultsAligned.sortedByCoord.out.bam.bai
23908X09_20240412_LH00227_0067_A22KHYJLT3_S26_L003_R.resultsAligned.sortedByCoord.out.bam
23908X09_20240412_LH00227_0067_A22KHYJLT3_S26_L003_R.resultsAligned.sortedByCoord.out.bam.bai
23908X10_20240412_LH00227_0067_A22KHYJLT3_S27_L003_R.resultsAligned.sortedByCoord.out.bam
23908X10_20240412_LH00227_0067_A22KHYJLT3_S27_L003_R.resultsAligned.sortedByCoord.out.bam.bai
23908X11_20240412_LH00227_0067_A22KHYJLT3_S28_L003_R.resultsAligned.sortedByCoord.out.bam
23908X11_20240412_LH00227_0067_A22KHYJLT3_S28_L003_R.resultsAligned.sortedByCoord.out.bam.bai
23908X12_20240412_LH00227_0067_A22KHYJLT3_S29_L003_R.resultsAligned.sortedByCoord.out.bam
23908X12_20240412_LH00227_0067_A22KHYJLT3_S29_L003_R.resultsAligned.sortedByCoord.out.bam.bai
23908X13_20240412_LH00227_0067_A22KHYJLT3_S30_L003_R.resultsAligned.sortedByCoord.out.bam
23908X13_20240412_LH00227_0067_A22KHYJLT3_S30_L003_R.resultsAligned.sortedByCoord.out.bam.bai
23908X14_20240412_LH00227_0067_A22KHYJLT3_S31_L003_R.resultsAligned.sortedByCoord.out.bam
23908X14_20240412_LH00227_0067_A22KHYJLT3_S31_L003_R.resultsAligned.sortedByCoord.out.bam.bai
23908X15_20240412_LH00227_0067_A22KHYJLT3_S32_L003_R.resultsAligned.sortedByCoord.out.bam
23908X15_20240412_LH00227_0067_A22KHYJLT3_S32_L003_R.resultsAligned.sortedByCoord.out.bam.bai
23908X16_20240412_LH00227_0067_A22KHYJLT3_S33_L003_R.resultsAligned.sortedByCoord.out.bam
23908X16_20240412_LH00227_0067_A22KHYJLT3_S33_L003_R.resultsAligned.sortedByCoord.out.bam.bai
23908X17_20240412_LH00227_0067_A22KHYJLT3_S34_L003_R.resultsAligned.sortedByCoord.out.bam
23908X17_20240412_LH00227_0067_A22KHYJLT3_S34_L003_R.resultsAligned.sortedByCoord.out.bam.bai
23908X18_20240412_LH00227_0067_A22KHYJLT3_S35_L003_R.resultsAligned.sortedByCoord.out.bam
23908X18_20240412_LH00227_0067_A22KHYJLT3_S35_L003_R.resultsAligned.sortedByCoord.out.bam.bai
23908X19_20240412_LH00227_0067_A22KHYJLT3_S36_L003_R.resultsAligned.sortedByCoord.out.bam
23908X19_20240412_LH00227_0067_A22KHYJLT3_S36_L003_R.resultsAligned.sortedByCoord.out.bam.bai
23908X20_20240412_LH00227_0067_A22KHYJLT3_S37_L003_R.resultsAligned.sortedByCoord.out.bam
23908X20_20240412_LH00227_0067_A22KHYJLT3_S37_L003_R.resultsAligned.sortedByCoord.out.bam.bai
23908X21_20240412_LH00227_0067_A22KHYJLT3_S38_L003_R.resultsAligned.sortedByCoord.out.bam
23908X21_20240412_LH00227_0067_A22KHYJLT3_S38_L003_R.resultsAligned.sortedByCoord.out.bam.bai
23908X22_20240412_LH00227_0067_A22KHYJLT3_S39_L003_R.resultsAligned.sortedByCoord.out.bam
23908X22_20240412_LH00227_0067_A22KHYJLT3_S39_L003_R.resultsAligned.sortedByCoord.out.bam.bai
23908X23_20240412_LH00227_0067_A22KHYJLT3_S40_L003_R.resultsAligned.sortedByCoord.out.bam
23908X23_20240412_LH00227_0067_A22KHYJLT3_S40_L003_R.resultsAligned.sortedByCoord.out.bam.bai
23908X24_20240412_LH00227_0067_A22KHYJLT3_S41_L003_R.resultsAligned.sortedByCoord.out.bam
23908X24_20240412_LH00227_0067_A22KHYJLT3_S41_L003_R.resultsAligned.sortedByCoord.out.bam.bai
23908X25_20240412_LH00227_0067_A22KHYJLT3_S42_L003_R.resultsAligned.sortedByCoord.out.bam
23908X25_20240412_LH00227_0067_A22KHYJLT3_S42_L003_R.resultsAligned.sortedByCoord.out.bam.bai
23908X26_20240412_LH00227_0067_A22KHYJLT3_S43_L003_R.resultsAligned.sortedByCoord.out.bam
23908X26_20240412_LH00227_0067_A22KHYJLT3_S43_L003_R.resultsAligned.sortedByCoord.out.bam.bai
23908X27_20240412_LH00227_0067_A22KHYJLT3_S44_L003_R.resultsAligned.sortedByCoord.out.bam
23908X27_20240412_LH00227_0067_A22KHYJLT3_S44_L003_R.resultsAligned.sortedByCoord.out.bam.bai
23908X28_20240412_LH00227_0067_A22KHYJLT3_S45_L003_R.resultsAligned.sortedByCoord.out.bam
23908X28_20240412_LH00227_0067_A22KHYJLT3_S45_L003_R.resultsAligned.sortedByCoord.out.bam.bai
23908X29_20240412_LH00227_0067_A22KHYJLT3_S46_L003_R.resultsAligned.sortedByCoord.out.bam
23908X29_20240412_LH00227_0067_A22KHYJLT3_S46_L003_R.resultsAligned.sortedByCoord.out.bam.bai
23908X30_20240412_LH00227_0067_A22KHYJLT3_S47_L003_R.resultsAligned.sortedByCoord.out.bam
23908X30_20240412_LH00227_0067_A22KHYJLT3_S47_L003_R.resultsAligned.sortedByCoord.out.bam.bai
23908X31_20240412_LH00227_0067_A22KHYJLT3_S48_L003_R.resultsAligned.sortedByCoord.out.bam
23908X31_20240412_LH00227_0067_A22KHYJLT3_S48_L003_R.resultsAligned.sortedByCoord.out.bam.bai
23908X01_20240515_LH00227_0077_B22KK5WLT3_S58_L008.resultsAligned.sortedByCoord.out.bam
23908X01_20240515_LH00227_0077_B22KK5WLT3_S58_L008.resultsAligned.sortedByCoord.out.bam.bai
23908X02_20240515_LH00227_0077_B22KK5WLT3_S59_L008.resultsAligned.sortedByCoord.out.bam
23908X02_20240515_LH00227_0077_B22KK5WLT3_S59_L008.resultsAligned.sortedByCoord.out.bam.bai
23908X03_20240515_LH00227_0077_B22KK5WLT3_S60_L008.resultsAligned.sortedByCoord.out.bam
23908X03_20240515_LH00227_0077_B22KK5WLT3_S60_L008.resultsAligned.sortedByCoord.out.bam.bai
23908X04_20240515_LH00227_0077_B22KK5WLT3_S61_L008.resultsAligned.sortedByCoord.out.bam
23908X04_20240515_LH00227_0077_B22KK5WLT3_S61_L008.resultsAligned.sortedByCoord.out.bam.bai
23908X05_20240515_LH00227_0077_B22KK5WLT3_S62_L008.resultsAligned.sortedByCoord.out.bam
23908X05_20240515_LH00227_0077_B22KK5WLT3_S62_L008.resultsAligned.sortedByCoord.out.bam.bai
23908X06_20240515_LH00227_0077_B22KK5WLT3_S63_L008.resultsAligned.sortedByCoord.out.bam
23908X06_20240515_LH00227_0077_B22KK5WLT3_S63_L008.resultsAligned.sortedByCoord.out.bam.bai
23908X07_20240515_LH00227_0077_B22KK5WLT3_S64_L008.resultsAligned.sortedByCoord.out.bam
23908X07_20240515_LH00227_0077_B22KK5WLT3_S64_L008.resultsAligned.sortedByCoord.out.bam.bai
23908X08_20240515_LH00227_0077_B22KK5WLT3_S65_L008.resultsAligned.sortedByCoord.out.bam
23908X08_20240515_LH00227_0077_B22KK5WLT3_S65_L008.resultsAligned.sortedByCoord.out.bam.bai
23908X09_20240515_LH00227_0077_B22KK5WLT3_S66_L008.resultsAligned.sortedByCoord.out.bam
23908X09_20240515_LH00227_0077_B22KK5WLT3_S66_L008.resultsAligned.sortedByCoord.out.bam.bai
23908X10_20240412_LH00227_0067_A22KHYJLT3_S27_L003.resultsAligned.sortedByCoord.out.bam
23908X10_20240412_LH00227_0067_A22KHYJLT3_S27_L003.resultsAligned.sortedByCoord.out.bam.bai
23908X11_20240515_LH00227_0077_B22KK5WLT3_S68_L008.resultsAligned.sortedByCoord.out.bam
23908X11_20240515_LH00227_0077_B22KK5WLT3_S68_L008.resultsAligned.sortedByCoord.out.bam.bai
23908X12_20240515_LH00227_0077_B22KK5WLT3_S69_L008.resultsAligned.sortedByCoord.out.bam
23908X12_20240515_LH00227_0077_B22KK5WLT3_S69_L008.resultsAligned.sortedByCoord.out.bam.bai
23908X13_20240515_LH00227_0077_B22KK5WLT3_S70_L008.resultsAligned.sortedByCoord.out.bam
23908X13_20240515_LH00227_0077_B22KK5WLT3_S70_L008.resultsAligned.sortedByCoord.out.bam.bai
23908X14_20240515_LH00227_0077_B22KK5WLT3_S71_L008.resultsAligned.sortedByCoord.out.bam
23908X14_20240515_LH00227_0077_B22KK5WLT3_S71_L008.resultsAligned.sortedByCoord.out.bam.bai
23908X15_20240515_LH00227_0077_B22KK5WLT3_S72_L008.resultsAligned.sortedByCoord.out.bam
23908X15_20240515_LH00227_0077_B22KK5WLT3_S72_L008.resultsAligned.sortedByCoord.out.bam.bai
23908X16_20240515_LH00227_0077_B22KK5WLT3_S73_L008.resultsAligned.sortedByCoord.out.bam
23908X16_20240515_LH00227_0077_B22KK5WLT3_S73_L008.resultsAligned.sortedByCoord.out.bam.bai
23908X17_20240515_LH00227_0077_B22KK5WLT3_S74_L008.resultsAligned.sortedByCoord.out.bam
23908X17_20240515_LH00227_0077_B22KK5WLT3_S74_L008.resultsAligned.sortedByCoord.out.bam.bai
23908X18_20240515_LH00227_0077_B22KK5WLT3_S75_L008.resultsAligned.sortedByCoord.out.bam
23908X18_20240515_LH00227_0077_B22KK5WLT3_S75_L008.resultsAligned.sortedByCoord.out.bam.bai
23908X19_20240515_LH00227_0077_B22KK5WLT3_S76_L008.resultsAligned.sortedByCoord.out.bam
23908X19_20240515_LH00227_0077_B22KK5WLT3_S76_L008.resultsAligned.sortedByCoord.out.bam.bai
23908X20_20240515_LH00227_0077_B22KK5WLT3_S77_L008.resultsAligned.sortedByCoord.out.bam
23908X20_20240515_LH00227_0077_B22KK5WLT3_S77_L008.resultsAligned.sortedByCoord.out.bam.bai
23908X21_20240515_LH00227_0077_B22KK5WLT3_S78_L008.resultsAligned.sortedByCoord.out.bam
23908X21_20240515_LH00227_0077_B22KK5WLT3_S78_L008.resultsAligned.sortedByCoord.out.bam.bai
23908X22_20240515_LH00227_0077_B22KK5WLT3_S79_L008.resultsAligned.sortedByCoord.out.bam
23908X22_20240515_LH00227_0077_B22KK5WLT3_S79_L008.resultsAligned.sortedByCoord.out.bam.bai
23908X23_20240515_LH00227_0077_B22KK5WLT3_S80_L008.resultsAligned.sortedByCoord.out.bam
23908X23_20240515_LH00227_0077_B22KK5WLT3_S80_L008.resultsAligned.sortedByCoord.out.bam.bai
23908X24_20240515_LH00227_0077_B22KK5WLT3_S81_L008.resultsAligned.sortedByCoord.out.bam
23908X24_20240515_LH00227_0077_B22KK5WLT3_S81_L008.resultsAligned.sortedByCoord.out.bam.bai
23908X25_20240515_LH00227_0077_B22KK5WLT3_S82_L008.resultsAligned.sortedByCoord.out.bam
23908X25_20240515_LH00227_0077_B22KK5WLT3_S82_L008.resultsAligned.sortedByCoord.out.bam.bai
23908X26_20240515_LH00227_0077_B22KK5WLT3_S83_L008.resultsAligned.sortedByCoord.out.bam
23908X26_20240515_LH00227_0077_B22KK5WLT3_S83_L008.resultsAligned.sortedByCoord.out.bam.bai
23908X27_20240515_LH00227_0077_B22KK5WLT3_S84_L008.resultsAligned.sortedByCoord.out.bam
23908X27_20240515_LH00227_0077_B22KK5WLT3_S84_L008.resultsAligned.sortedByCoord.out.bam.bai
23908X28_20240515_LH00227_0077_B22KK5WLT3_S85_L008.resultsAligned.sortedByCoord.out.bam
23908X28_20240515_LH00227_0077_B22KK5WLT3_S85_L008.resultsAligned.sortedByCoord.out.bam.bai
23908X29_20240515_LH00227_0077_B22KK5WLT3_S86_L008.resultsAligned.sortedByCoord.out.bam
23908X29_20240515_LH00227_0077_B22KK5WLT3_S86_L008.resultsAligned.sortedByCoord.out.bam.bai
23908X30_20240515_LH00227_0077_B22KK5WLT3_S87_L008.resultsAligned.sortedByCoord.out.bam
23908X30_20240515_LH00227_0077_B22KK5WLT3_S87_L008.resultsAligned.sortedByCoord.out.bam.bai
23908X31_20240515_LH00227_0077_B22KK5WLT3_S88_L008.resultsAligned.sortedByCoord.out.bam
23908X31_20240515_LH00227_0077_B22KK5WLT3_S88_L008.resultsAligned.sortedByCoord.out.bam.bai



bam file 1: 
bam file 2: 



output file: /uufs/chpc.utah.edu/common/home/holmen-group1/otrimskig/exp_data/23908R_merged/23908X16_merged.bam



2024-05-20 14:59:44 : ended job 
Runtime: 0:0:2
